This is pdfTeX, Version 3.14159265-2.6-1.40.21 (TeX Live 2020) (preloaded format=pdflatex 2020.5.13)  7 APR 2021 12:13
entering extended mode
 restricted \write18 enabled.
 %&-line parsing enabled.
**confocal.tex
(./confocal.tex
LaTeX2e <2020-02-02> patch level 5
L3 programming layer <2020-05-11> (/Users/joaomarreiros/Library/TinyTeX/texmf-d
ist/tex/latex/base/article.cls
Document Class: article 2019/12/20 v1.4l Standard LaTeX document class
(/Users/joaomarreiros/Library/TinyTeX/texmf-dist/tex/latex/base/size10.clo
File: size10.clo 2019/12/20 v1.4l Standard LaTeX file (size option)
)
\c@part=\count167
\c@section=\count168
\c@subsection=\count169
\c@subsubsection=\count170
\c@paragraph=\count171
\c@subparagraph=\count172
\c@figure=\count173
\c@table=\count174
\abovecaptionskip=\skip47
\belowcaptionskip=\skip48
\bibindent=\dimen134
) (/Users/joaomarreiros/Library/TinyTeX/texmf-dist/tex/latex/amsmath/amsmath.st
y
Package: amsmath 2020/01/20 v2.17e AMS math features
\@mathmargin=\skip49
For additional information on amsmath, use the `?' option.
(/Users/joaomarreiros/Library/TinyTeX/texmf-dist/tex/latex/amsmath/amstext.sty
Package: amstext 2000/06/29 v2.01 AMS text
(/Users/joaomarreiros/Library/TinyTeX/texmf-dist/tex/latex/amsmath/amsgen.sty
File: amsgen.sty 1999/11/30 v2.0 generic functions
\@emptytoks=\toks15
\ex@=\dimen135
)) (/Users/joaomarreiros/Library/TinyTeX/texmf-dist/tex/latex/amsmath/amsbsy.st
y
Package: amsbsy 1999/11/29 v1.2d Bold Symbols
\pmbraise@=\dimen136
) (/Users/joaomarreiros/Library/TinyTeX/texmf-dist/tex/latex/amsmath/amsopn.sty
Package: amsopn 2016/03/08 v2.02 operator names
)
\inf@bad=\count175
LaTeX Info: Redefining \frac on input line 227.
\uproot@=\count176
\leftroot@=\count177
LaTeX Info: Redefining \overline on input line 389.
\classnum@=\count178
\DOTSCASE@=\count179
LaTeX Info: Redefining \ldots on input line 486.
LaTeX Info: Redefining \dots on input line 489.
LaTeX Info: Redefining \cdots on input line 610.
\Mathstrutbox@=\box45
\strutbox@=\box46
\big@size=\dimen137
LaTeX Font Info:    Redeclaring font encoding OML on input line 733.
LaTeX Font Info:    Redeclaring font encoding OMS on input line 734.
\macc@depth=\count180
\c@MaxMatrixCols=\count181
\dotsspace@=\muskip16
\c@parentequation=\count182
\dspbrk@lvl=\count183
\tag@help=\toks16
\row@=\count184
\column@=\count185
\maxfields@=\count186
\andhelp@=\toks17
\eqnshift@=\dimen138
\alignsep@=\dimen139
\tagshift@=\dimen140
\tagwidth@=\dimen141
\totwidth@=\dimen142
\lineht@=\dimen143
\@envbody=\toks18
\multlinegap=\skip50
\multlinetaggap=\skip51
\mathdisplay@stack=\toks19
LaTeX Info: Redefining \[ on input line 2859.
LaTeX Info: Redefining \] on input line 2860.
)
(/Users/joaomarreiros/Library/TinyTeX/texmf-dist/tex/latex/amsfonts/amssymb.sty
Package: amssymb 2013/01/14 v3.01 AMS font symbols

(/Users/joaomarreiros/Library/TinyTeX/texmf-dist/tex/latex/amsfonts/amsfonts.st
y
Package: amsfonts 2013/01/14 v3.01 Basic AMSFonts support
\symAMSa=\mathgroup4
\symAMSb=\mathgroup5
LaTeX Font Info:    Redeclaring math symbol \hbar on input line 98.
LaTeX Font Info:    Overwriting math alphabet `\mathfrak' in version `bold'
(Font)                  U/euf/m/n --> U/euf/b/n on input line 106.
)) (/Users/joaomarreiros/Library/TinyTeX/texmf-dist/tex/latex/lm/lmodern.sty
Package: lmodern 2009/10/30 v1.6 Latin Modern Fonts
LaTeX Font Info:    Overwriting symbol font `operators' in version `normal'
(Font)                  OT1/cmr/m/n --> OT1/lmr/m/n on input line 22.
LaTeX Font Info:    Overwriting symbol font `letters' in version `normal'
(Font)                  OML/cmm/m/it --> OML/lmm/m/it on input line 23.
LaTeX Font Info:    Overwriting symbol font `symbols' in version `normal'
(Font)                  OMS/cmsy/m/n --> OMS/lmsy/m/n on input line 24.
LaTeX Font Info:    Overwriting symbol font `largesymbols' in version `normal'
(Font)                  OMX/cmex/m/n --> OMX/lmex/m/n on input line 25.
LaTeX Font Info:    Overwriting symbol font `operators' in version `bold'
(Font)                  OT1/cmr/bx/n --> OT1/lmr/bx/n on input line 26.
LaTeX Font Info:    Overwriting symbol font `letters' in version `bold'
(Font)                  OML/cmm/b/it --> OML/lmm/b/it on input line 27.
LaTeX Font Info:    Overwriting symbol font `symbols' in version `bold'
(Font)                  OMS/cmsy/b/n --> OMS/lmsy/b/n on input line 28.
LaTeX Font Info:    Overwriting symbol font `largesymbols' in version `bold'
(Font)                  OMX/cmex/m/n --> OMX/lmex/m/n on input line 29.
LaTeX Font Info:    Overwriting math alphabet `\mathbf' in version `normal'
(Font)                  OT1/cmr/bx/n --> OT1/lmr/bx/n on input line 31.
LaTeX Font Info:    Overwriting math alphabet `\mathsf' in version `normal'
(Font)                  OT1/cmss/m/n --> OT1/lmss/m/n on input line 32.
LaTeX Font Info:    Overwriting math alphabet `\mathit' in version `normal'
(Font)                  OT1/cmr/m/it --> OT1/lmr/m/it on input line 33.
LaTeX Font Info:    Overwriting math alphabet `\mathtt' in version `normal'
(Font)                  OT1/cmtt/m/n --> OT1/lmtt/m/n on input line 34.
LaTeX Font Info:    Overwriting math alphabet `\mathbf' in version `bold'
(Font)                  OT1/cmr/bx/n --> OT1/lmr/bx/n on input line 35.
LaTeX Font Info:    Overwriting math alphabet `\mathsf' in version `bold'
(Font)                  OT1/cmss/bx/n --> OT1/lmss/bx/n on input line 36.
LaTeX Font Info:    Overwriting math alphabet `\mathit' in version `bold'
(Font)                  OT1/cmr/bx/it --> OT1/lmr/bx/it on input line 37.
LaTeX Font Info:    Overwriting math alphabet `\mathtt' in version `bold'
(Font)                  OT1/cmtt/m/n --> OT1/lmtt/m/n on input line 38.
) (/Users/joaomarreiros/Library/TinyTeX/texmf-dist/tex/generic/iftex/ifxetex.st
y
Package: ifxetex 2019/10/25 v0.7 ifxetex legacy package. Use iftex instead.
(/Users/joaomarreiros/Library/TinyTeX/texmf-dist/tex/generic/iftex/iftex.sty
Package: iftex 2020/03/06 v1.0d TeX engine tests
))
(/Users/joaomarreiros/Library/TinyTeX/texmf-dist/tex/generic/iftex/ifluatex.sty
Package: ifluatex 2019/10/25 v1.5 ifluatex legacy package. Use iftex instead.
) (/Users/joaomarreiros/Library/TinyTeX/texmf-dist/tex/latex/base/fontenc.sty
Package: fontenc 2020/02/11 v2.0o Standard LaTeX package
LaTeX Font Info:    Trying to load font information for T1+lmr on input line 11
2.
(/Users/joaomarreiros/Library/TinyTeX/texmf-dist/tex/latex/lm/t1lmr.fd
File: t1lmr.fd 2009/10/30 v1.6 Font defs for Latin Modern
)) (/Users/joaomarreiros/Library/TinyTeX/texmf-dist/tex/latex/base/inputenc.sty
Package: inputenc 2018/08/11 v1.3c Input encoding file
\inpenc@prehook=\toks20
\inpenc@posthook=\toks21
) (/Users/joaomarreiros/Library/TinyTeX/texmf-dist/tex/latex/base/textcomp.sty
Package: textcomp 2020/02/02 v2.0n Standard LaTeX package
) (/Users/joaomarreiros/Library/TinyTeX/texmf-dist/tex/latex/upquote/upquote.st
y
Package: upquote 2012/04/19 v1.3 upright-quote and grave-accent glyphs in verba
tim
) (/Users/joaomarreiros/Library/TinyTeX/texmf-dist/tex/latex/xcolor/xcolor.sty
Package: xcolor 2016/05/11 v2.12 LaTeX color extensions (UK)

(/Users/joaomarreiros/Library/TinyTeX/texmf-dist/tex/latex/graphics-cfg/color.c
fg
File: color.cfg 2016/01/02 v1.6 sample color configuration
)
Package xcolor Info: Driver file: pdftex.def on input line 225.

(/Users/joaomarreiros/Library/TinyTeX/texmf-dist/tex/latex/graphics-def/pdftex.
def
File: pdftex.def 2018/01/08 v1.0l Graphics/color driver for pdftex
)
Package xcolor Info: Model `cmy' substituted by `cmy0' on input line 1348.
Package xcolor Info: Model `hsb' substituted by `rgb' on input line 1352.
Package xcolor Info: Model `RGB' extended on input line 1364.
Package xcolor Info: Model `HTML' substituted by `rgb' on input line 1366.
Package xcolor Info: Model `Hsb' substituted by `hsb' on input line 1367.
Package xcolor Info: Model `tHsb' substituted by `hsb' on input line 1368.
Package xcolor Info: Model `HSB' substituted by `hsb' on input line 1369.
Package xcolor Info: Model `Gray' substituted by `gray' on input line 1370.
Package xcolor Info: Model `wave' substituted by `hsb' on input line 1371.
)
(/Users/joaomarreiros/Library/TinyTeX/texmf-dist/tex/latex/hyperref/hyperref.st
y
Package: hyperref 2020/01/14 v7.00d Hypertext links for LaTeX

(/Users/joaomarreiros/Library/TinyTeX/texmf-dist/tex/generic/ltxcmds/ltxcmds.st
y
Package: ltxcmds 2019/12/15 v1.24 LaTeX kernel commands for general use (HO)
)
(/Users/joaomarreiros/Library/TinyTeX/texmf-dist/tex/latex/pdftexcmds/pdftexcmd
s.sty
Package: pdftexcmds 2019/11/24 v0.31 Utility functions of pdfTeX for LuaTeX (HO
)

(/Users/joaomarreiros/Library/TinyTeX/texmf-dist/tex/generic/infwarerr/infwarer
r.sty
Package: infwarerr 2019/12/03 v1.5 Providing info/warning/error messages (HO)
)
Package pdftexcmds Info: \pdf@primitive is available.
Package pdftexcmds Info: \pdf@ifprimitive is available.
Package pdftexcmds Info: \pdfdraftmode found.
) (/Users/joaomarreiros/Library/TinyTeX/texmf-dist/tex/latex/graphics/keyval.st
y
Package: keyval 2014/10/28 v1.15 key=value parser (DPC)
\KV@toks@=\toks22
)
(/Users/joaomarreiros/Library/TinyTeX/texmf-dist/tex/generic/kvsetkeys/kvsetkey
s.sty
Package: kvsetkeys 2019/12/15 v1.18 Key value parser (HO)
)
(/Users/joaomarreiros/Library/TinyTeX/texmf-dist/tex/generic/kvdefinekeys/kvdef
inekeys.sty
Package: kvdefinekeys 2019-12-19 v1.6 Define keys (HO)
)
(/Users/joaomarreiros/Library/TinyTeX/texmf-dist/tex/generic/pdfescape/pdfescap
e.sty
Package: pdfescape 2019/12/09 v1.15 Implements pdfTeX's escape features (HO)
) (/Users/joaomarreiros/Library/TinyTeX/texmf-dist/tex/latex/hycolor/hycolor.st
y
Package: hycolor 2020-01-27 v1.10 Color options for hyperref/bookmark (HO)
)
(/Users/joaomarreiros/Library/TinyTeX/texmf-dist/tex/latex/letltxmacro/letltxma
cro.sty
Package: letltxmacro 2019/12/03 v1.6 Let assignment for LaTeX macros (HO)
) (/Users/joaomarreiros/Library/TinyTeX/texmf-dist/tex/latex/auxhook/auxhook.st
y
Package: auxhook 2019-12-17 v1.6 Hooks for auxiliary files (HO)
)
(/Users/joaomarreiros/Library/TinyTeX/texmf-dist/tex/latex/kvoptions/kvoptions.
sty
Package: kvoptions 2019/11/29 v3.13 Key value format for package options (HO)
)
\@linkdim=\dimen144
\Hy@linkcounter=\count187
\Hy@pagecounter=\count188
(/Users/joaomarreiros/Library/TinyTeX/texmf-dist/tex/latex/hyperref/pd1enc.def
File: pd1enc.def 2020/01/14 v7.00d Hyperref: PDFDocEncoding definition (HO)
Now handling font encoding PD1 ...
... no UTF-8 mapping file for font encoding PD1
)
(/Users/joaomarreiros/Library/TinyTeX/texmf-dist/tex/generic/intcalc/intcalc.st
y
Package: intcalc 2019/12/15 v1.3 Expandable calculations with integers (HO)
)
(/Users/joaomarreiros/Library/TinyTeX/texmf-dist/tex/generic/etexcmds/etexcmds.
sty
Package: etexcmds 2019/12/15 v1.7 Avoid name clashes with e-TeX commands (HO)
)
\Hy@SavedSpaceFactor=\count189
Package hyperref Info: Option `unicode' set `true' on input line 4421.
(/Users/joaomarreiros/Library/TinyTeX/texmf-dist/tex/latex/hyperref/puenc.def
File: puenc.def 2020/01/14 v7.00d Hyperref: PDF Unicode definition (HO)
Now handling font encoding PU ...
... no UTF-8 mapping file for font encoding PU
)
Package hyperref Info: Hyper figures OFF on input line 4547.
Package hyperref Info: Link nesting OFF on input line 4552.
Package hyperref Info: Hyper index ON on input line 4555.
Package hyperref Info: Plain pages OFF on input line 4562.
Package hyperref Info: Backreferencing OFF on input line 4567.
Package hyperref Info: Implicit mode ON; LaTeX internals redefined.
Package hyperref Info: Bookmarks ON on input line 4800.
\c@Hy@tempcnt=\count190
(/Users/joaomarreiros/Library/TinyTeX/texmf-dist/tex/latex/url/url.sty
\Urlmuskip=\muskip17
Package: url 2013/09/16  ver 3.4  Verb mode for urls, etc.
)
LaTeX Info: Redefining \url on input line 5159.
\XeTeXLinkMargin=\dimen145
(/Users/joaomarreiros/Library/TinyTeX/texmf-dist/tex/generic/bitset/bitset.sty
Package: bitset 2019/12/09 v1.3 Handle bit-vector datatype (HO)

(/Users/joaomarreiros/Library/TinyTeX/texmf-dist/tex/generic/bigintcalc/bigintc
alc.sty
Package: bigintcalc 2019/12/15 v1.5 Expandable calculations on big integers (HO
)
))
\Fld@menulength=\count191
\Field@Width=\dimen146
\Fld@charsize=\dimen147
Package hyperref Info: Hyper figures OFF on input line 6430.
Package hyperref Info: Link nesting OFF on input line 6435.
Package hyperref Info: Hyper index ON on input line 6438.
Package hyperref Info: backreferencing OFF on input line 6445.
Package hyperref Info: Link coloring OFF on input line 6450.
Package hyperref Info: Link coloring with OCG OFF on input line 6455.
Package hyperref Info: PDF/A mode OFF on input line 6460.
LaTeX Info: Redefining \ref on input line 6500.
LaTeX Info: Redefining \pageref on input line 6504.

(/Users/joaomarreiros/Library/TinyTeX/texmf-dist/tex/generic/atbegshi/atbegshi.
sty
Package: atbegshi 2019/12/05 v1.19 At begin shipout hook (HO)
)
\Hy@abspage=\count192
\c@Item=\count193
\c@Hfootnote=\count194
)
Package hyperref Info: Driver (autodetected): hpdftex.

(/Users/joaomarreiros/Library/TinyTeX/texmf-dist/tex/latex/hyperref/hpdftex.def
File: hpdftex.def 2020/01/14 v7.00d Hyperref driver for pdfTeX

(/Users/joaomarreiros/Library/TinyTeX/texmf-dist/tex/latex/atveryend/atveryend.
sty
Package: atveryend 2019-12-11 v1.11 Hooks at the very end of document (HO)
Package atveryend Info: \enddocument detected (standard20110627).
)
\Fld@listcount=\count195
\c@bookmark@seq@number=\count196

(/Users/joaomarreiros/Library/TinyTeX/texmf-dist/tex/latex/rerunfilecheck/rerun
filecheck.sty
Package: rerunfilecheck 2019/12/05 v1.9 Rerun checks for auxiliary files (HO)

(/Users/joaomarreiros/Library/TinyTeX/texmf-dist/tex/generic/uniquecounter/uniq
uecounter.sty
Package: uniquecounter 2019/12/15 v1.4 Provide unlimited unique counter (HO)
)
Package uniquecounter Info: New unique counter `rerunfilecheck' on input line 2
86.
)
\Hy@SectionHShift=\skip52
)
(/Users/joaomarreiros/Library/TinyTeX/texmf-dist/tex/latex/geometry/geometry.st
y
Package: geometry 2020/01/02 v5.9 Page Geometry
(/Users/joaomarreiros/Library/TinyTeX/texmf-dist/tex/generic/iftex/ifvtex.sty
Package: ifvtex 2019/10/25 v1.7 ifvtex legacy package. Use iftex instead.
)
\Gm@cnth=\count197
\Gm@cntv=\count198
\c@Gm@tempcnt=\count199
\Gm@bindingoffset=\dimen148
\Gm@wd@mp=\dimen149
\Gm@odd@mp=\dimen150
\Gm@even@mp=\dimen151
\Gm@layoutwidth=\dimen152
\Gm@layoutheight=\dimen153
\Gm@layouthoffset=\dimen154
\Gm@layoutvoffset=\dimen155
\Gm@dimlist=\toks23
)
(/Users/joaomarreiros/Library/TinyTeX/texmf-dist/tex/latex/fancyvrb/fancyvrb.st
y
Package: fancyvrb 2020/05/03 v3.6 verbatim text (tvz,hv)
\FV@CodeLineNo=\count266
\FV@InFile=\read2
\FV@TabBox=\box47
\c@FancyVerbLine=\count267
\FV@StepNumber=\count268
\FV@OutFile=\write3
) (/Users/joaomarreiros/Library/TinyTeX/texmf-dist/tex/latex/framed/framed.sty
Package: framed 2011/10/22 v 0.96: framed or shaded text with page breaks
\OuterFrameSep=\skip53
\fb@frw=\dimen156
\fb@frh=\dimen157
\FrameRule=\dimen158
\FrameSep=\dimen159
)
(/Users/joaomarreiros/Library/TinyTeX/texmf-dist/tex/latex/graphics/graphicx.st
y
Package: graphicx 2019/11/30 v1.2a Enhanced LaTeX Graphics (DPC,SPQR)

(/Users/joaomarreiros/Library/TinyTeX/texmf-dist/tex/latex/graphics/graphics.st
y
Package: graphics 2019/11/30 v1.4a Standard LaTeX Graphics (DPC,SPQR)
(/Users/joaomarreiros/Library/TinyTeX/texmf-dist/tex/latex/graphics/trig.sty
Package: trig 2016/01/03 v1.10 sin cos tan (DPC)
)
(/Users/joaomarreiros/Library/TinyTeX/texmf-dist/tex/latex/graphics-cfg/graphic
s.cfg
File: graphics.cfg 2016/06/04 v1.11 sample graphics configuration
)
Package graphics Info: Driver file: pdftex.def on input line 105.
)
\Gin@req@height=\dimen160
\Gin@req@width=\dimen161
)
(/Users/joaomarreiros/Library/TinyTeX/texmf-dist/tex/latex/booktabs/booktabs.st
y
Package: booktabs 2020/01/12 v1.61803398 Publication quality tables
\heavyrulewidth=\dimen162
\lightrulewidth=\dimen163
\cmidrulewidth=\dimen164
\belowrulesep=\dimen165
\belowbottomsep=\dimen166
\aboverulesep=\dimen167
\abovetopsep=\dimen168
\cmidrulesep=\dimen169
\cmidrulekern=\dimen170
\defaultaddspace=\dimen171
\@cmidla=\count269
\@cmidlb=\count270
\@aboverulesep=\dimen172
\@belowrulesep=\dimen173
\@thisruleclass=\count271
\@lastruleclass=\count272
\@thisrulewidth=\dimen174
) (/Users/joaomarreiros/Library/TinyTeX/texmf-dist/tex/latex/tools/longtable.st
y
Package: longtable 2020/01/07 v4.13 Multi-page Table package (DPC)
\LTleft=\skip54
\LTright=\skip55
\LTpre=\skip56
\LTpost=\skip57
\LTchunksize=\count273
\LTcapwidth=\dimen175
\LT@head=\box48
\LT@firsthead=\box49
\LT@foot=\box50
\LT@lastfoot=\box51
\LT@cols=\count274
\LT@rows=\count275
\c@LT@tables=\count276
\c@LT@chunks=\count277
\LT@p@ftn=\toks24
) (/Users/joaomarreiros/Library/TinyTeX/texmf-dist/tex/latex/tools/array.sty
Package: array 2019/08/31 v2.4l Tabular extension package (FMi)
\col@sep=\dimen176
\ar@mcellbox=\box52
\extrarowheight=\dimen177
\NC@list=\toks25
\extratabsurround=\skip58
\backup@length=\skip59
\ar@cellbox=\box53
)
(/Users/joaomarreiros/Library/TinyTeX/texmf-dist/tex/latex/multirow/multirow.st
y
Package: multirow 2019/05/31 v2.5 Span multiple rows of a table
\multirow@colwidth=\skip60
\multirow@cntb=\count278
\multirow@dima=\skip61
\bigstrutjot=\dimen178
) (/Users/joaomarreiros/Library/TinyTeX/texmf-dist/tex/latex/wrapfig/wrapfig.st
y
\wrapoverhang=\dimen179
\WF@size=\dimen180
\c@WF@wrappedlines=\count279
\WF@box=\box54
\WF@everypar=\toks26
Package: wrapfig 2003/01/31  v 3.6
) (/Users/joaomarreiros/Library/TinyTeX/texmf-dist/tex/latex/float/float.sty
Package: float 2001/11/08 v1.3d Float enhancements (AL)
\c@float@type=\count280
\float@exts=\toks27
\float@box=\box55
\@float@everytoks=\toks28
\@floatcapt=\box56
)
(/Users/joaomarreiros/Library/TinyTeX/texmf-dist/tex/latex/colortbl/colortbl.st
y
Package: colortbl 2020/01/04 v1.0e Color table columns (DPC)
\everycr=\toks29
\minrowclearance=\skip62
)
(/Users/joaomarreiros/Library/TinyTeX/texmf-dist/tex/latex/pdflscape/pdflscape.
sty
Package: pdflscape 2019/12/05 v0.12 Display of landscape pages in PDF (HO)
(/Users/joaomarreiros/Library/TinyTeX/texmf-dist/tex/latex/graphics/lscape.sty
Package: lscape 2000/10/22 v3.01 Landscape Pages (DPC)
)
Package pdflscape Info: Auto-detected driver: pdftex on input line 81.
) (/Users/joaomarreiros/Library/TinyTeX/texmf-dist/tex/latex/tabu/tabu.sty
Package: tabu 2019/01/11 v2.9 - flexible LaTeX tabulars (FC+tabu-fixed)

(/Users/joaomarreiros/Library/TinyTeX/texmf-dist/tex/latex/varwidth/varwidth.st
y
Package: varwidth 2009/03/30 ver 0.92;  Variable-width minipages
\@vwid@box=\box57
\sift@deathcycles=\count281
\@vwid@loff=\dimen181
\@vwid@roff=\dimen182
)
\c@taburow=\count282
\tabu@nbcols=\count283
\tabu@cnt=\count284
\tabu@Xcol=\count285
\tabu@alloc=\count286
\tabu@nested=\count287
\tabu@target=\dimen183
\tabu@spreadtarget=\dimen184
\tabu@naturalX=\dimen185
\tabucolX=\dimen186
\tabu@Xsum=\dimen187
\extrarowdepth=\dimen188
\abovetabulinesep=\dimen189
\belowtabulinesep=\dimen190
\tabustrutrule=\dimen191
\tabu@thebody=\toks30
\tabu@footnotes=\toks31
\tabu@box=\box58
\tabu@arstrutbox=\box59
\tabu@hleads=\box60
\tabu@vleads=\box61
\tabu@cellskip=\skip63
)
(/Users/joaomarreiros/Library/TinyTeX/texmf-dist/tex/latex/threeparttable/three
parttable.sty
Package: threeparttable 2003/06/13  v 3.0
\@tempboxb=\box62
)
(/Users/joaomarreiros/Library/TinyTeX/texmf-dist/tex/latex/threeparttablex/thre
eparttablex.sty
Package: threeparttablex 2013/07/23 v0.3 by daleif
(/Users/joaomarreiros/Library/TinyTeX/texmf-dist/tex/latex/environ/environ.sty
Package: environ 2014/05/04 v0.3 A new way to define environments

(/Users/joaomarreiros/Library/TinyTeX/texmf-dist/tex/latex/trimspaces/trimspace
s.sty
Package: trimspaces 2009/09/17 v1.1 Trim spaces around a token list
))
\TPTL@width=\skip64
) (/Users/joaomarreiros/Library/TinyTeX/texmf-dist/tex/generic/ulem/ulem.sty
\UL@box=\box63
\UL@hyphenbox=\box64
\UL@skip=\skip65
\UL@hook=\toks32
\UL@height=\dimen192
\UL@pe=\count288
\UL@pixel=\dimen193
\ULC@box=\box65
Package: ulem 2019/11/18
\ULdepth=\dimen194
)
(/Users/joaomarreiros/Library/TinyTeX/texmf-dist/tex/latex/makecell/makecell.st
y
Package: makecell 2009/08/03 V0.1e Managing of Tab Column Heads and Cells
\rotheadsize=\dimen195
\c@nlinenum=\count289
\TeXr@lab=\toks33
)
(/Users/joaomarreiros/Library/TinyTeX/texmf-dist/tex/latex/l3backend/l3backend-
pdfmode.def
File: l3backend-pdfmode.def 2020-05-05 L3 backend support: PDF mode
\l__kernel_color_stack_int=\count290
\l__pdf_internal_box=\box66
)

LaTeX Warning: Unused global option(s):
    [9pt].

(./confocal.aux)
\openout1 = `confocal.aux'.

LaTeX Font Info:    Checking defaults for OML/cmm/m/it on input line 128.
LaTeX Font Info:    ... okay on input line 128.
LaTeX Font Info:    Checking defaults for OMS/cmsy/m/n on input line 128.
LaTeX Font Info:    ... okay on input line 128.
LaTeX Font Info:    Checking defaults for OT1/cmr/m/n on input line 128.
LaTeX Font Info:    ... okay on input line 128.
LaTeX Font Info:    Checking defaults for T1/cmr/m/n on input line 128.
LaTeX Font Info:    ... okay on input line 128.
LaTeX Font Info:    Checking defaults for TS1/cmr/m/n on input line 128.
LaTeX Font Info:    ... okay on input line 128.
LaTeX Font Info:    Checking defaults for OMX/cmex/m/n on input line 128.
LaTeX Font Info:    ... okay on input line 128.
LaTeX Font Info:    Checking defaults for U/cmr/m/n on input line 128.
LaTeX Font Info:    ... okay on input line 128.
LaTeX Font Info:    Checking defaults for PD1/pdf/m/n on input line 128.
LaTeX Font Info:    ... okay on input line 128.
LaTeX Font Info:    Checking defaults for PU/pdf/m/n on input line 128.
LaTeX Font Info:    ... okay on input line 128.

(/Users/joaomarreiros/Library/TinyTeX/texmf-dist/tex/latex/epstopdf-pkg/epstopd
f-base.sty
Package: epstopdf-base 2020-01-24 v2.11 Base part for package epstopdf
Package epstopdf-base Info: Redefining graphics rule for `.eps' on input line 4
85.

(/Users/joaomarreiros/Library/TinyTeX/texmf-dist/tex/latex/latexconfig/epstopdf
-sys.cfg
File: epstopdf-sys.cfg 2010/07/13 v1.3 Configuration of (r)epstopdf for TeX Liv
e
))
\AtBeginShipoutBox=\box67
Package hyperref Info: Link coloring OFF on input line 128.

(/Users/joaomarreiros/Library/TinyTeX/texmf-dist/tex/latex/hyperref/nameref.sty
Package: nameref 2019/09/16 v2.46 Cross-referencing by name of section

(/Users/joaomarreiros/Library/TinyTeX/texmf-dist/tex/latex/refcount/refcount.st
y
Package: refcount 2019/12/15 v3.6 Data extraction from label references (HO)
)
(/Users/joaomarreiros/Library/TinyTeX/texmf-dist/tex/generic/gettitlestring/get
titlestring.sty
Package: gettitlestring 2019/12/15 v1.6 Cleanup title references (HO)
)
\c@section@level=\count291
)
LaTeX Info: Redefining \ref on input line 128.
LaTeX Info: Redefining \pageref on input line 128.
LaTeX Info: Redefining \nameref on input line 128.
(./confocal.out) (./confocal.out)
\@outlinefile=\write4
\openout4 = `confocal.out'.

*geometry* driver: auto-detecting
*geometry* detected driver: pdftex
*geometry* verbose mode - [ preamble ] result:
* driver: pdftex
* paper: <default>
* layout: <same size as paper>
* layoutoffset:(h,v)=(0.0pt,0.0pt)
* modes: 
* h-part:(L,W,R)=(72.26999pt, 469.75502pt, 72.26999pt)
* v-part:(T,H,B)=(72.26999pt, 650.43001pt, 72.26999pt)
* \paperwidth=614.295pt
* \paperheight=794.96999pt
* \textwidth=469.75502pt
* \textheight=650.43001pt
* \oddsidemargin=0.0pt
* \evensidemargin=0.0pt
* \topmargin=-37.0pt
* \headheight=12.0pt
* \headsep=25.0pt
* \topskip=10.0pt
* \footskip=30.0pt
* \marginparwidth=65.0pt
* \marginparsep=11.0pt
* \columnsep=10.0pt
* \skip\footins=9.0pt plus 4.0pt minus 2.0pt
* \hoffset=0.0pt
* \voffset=0.0pt
* \mag=1000
* \@twocolumnfalse
* \@twosidefalse
* \@mparswitchfalse
* \@reversemarginfalse
* (1in=72.27pt=25.4mm, 1cm=28.453pt)

LaTeX Font Info:    Trying to load font information for OT1+lmr on input line 1
30.
(/Users/joaomarreiros/Library/TinyTeX/texmf-dist/tex/latex/lm/ot1lmr.fd
File: ot1lmr.fd 2009/10/30 v1.6 Font defs for Latin Modern
)
LaTeX Font Info:    Trying to load font information for OML+lmm on input line 1
30.
(/Users/joaomarreiros/Library/TinyTeX/texmf-dist/tex/latex/lm/omllmm.fd
File: omllmm.fd 2009/10/30 v1.6 Font defs for Latin Modern
)
LaTeX Font Info:    Trying to load font information for OMS+lmsy on input line 
130.
(/Users/joaomarreiros/Library/TinyTeX/texmf-dist/tex/latex/lm/omslmsy.fd
File: omslmsy.fd 2009/10/30 v1.6 Font defs for Latin Modern
)
LaTeX Font Info:    Trying to load font information for OMX+lmex on input line 
130.
(/Users/joaomarreiros/Library/TinyTeX/texmf-dist/tex/latex/lm/omxlmex.fd
File: omxlmex.fd 2009/10/30 v1.6 Font defs for Latin Modern
)
LaTeX Font Info:    External font `lmex10' loaded for size
(Font)              <12> on input line 130.
LaTeX Font Info:    External font `lmex10' loaded for size
(Font)              <8> on input line 130.
LaTeX Font Info:    External font `lmex10' loaded for size
(Font)              <6> on input line 130.
LaTeX Font Info:    Trying to load font information for U+msa on input line 130
.
(/Users/joaomarreiros/Library/TinyTeX/texmf-dist/tex/latex/amsfonts/umsa.fd
File: umsa.fd 2013/01/14 v3.01 AMS symbols A
)
LaTeX Font Info:    Trying to load font information for U+msb on input line 130
.
(/Users/joaomarreiros/Library/TinyTeX/texmf-dist/tex/latex/amsfonts/umsb.fd
File: umsb.fd 2013/01/14 v3.01 AMS symbols B
)
Overfull \hbox (668.07574pt too wide) in paragraph at lines 130--130
 [][] 
 []

LaTeX Font Info:    External font `lmex10' loaded for size
(Font)              <10> on input line 158.
LaTeX Font Info:    External font `lmex10' loaded for size
(Font)              <7> on input line 158.
LaTeX Font Info:    External font `lmex10' loaded for size
(Font)              <5> on input line 158.
LaTeX Font Info:    Trying to load font information for T1+lmtt on input line 1
70.
(/Users/joaomarreiros/Library/TinyTeX/texmf-dist/tex/latex/lm/t1lmtt.fd
File: t1lmtt.fd 2009/10/30 v1.6 Font defs for Latin Modern
) [1

{/Users/joaomarreiros/Library/TinyTeX/texmf-var/fonts/map/pdftex/updmap/pdftex.
map}]
LaTeX Font Info:    Trying to load font information for TS1+lmtt on input line 
205.
(/Users/joaomarreiros/Library/TinyTeX/texmf-dist/tex/latex/lm/ts1lmtt.fd
File: ts1lmtt.fd 2009/10/30 v1.6 Font defs for Latin Modern
)pdfTeX warning (ext4): destination with the same identifier (name{page.}) has 
been already used, duplicate ignored
<to be read again> 
                   \relax 
l.276 \newpage
               [2]
LaTeX Font Info:    Font shape `T1/lmtt/bx/n' in size <10> not available
(Font)              Font shape `T1/lmtt/b/n' tried instead on input line 289.
pdfTeX warning (ext4): destination with the same identifier (name{page.}) has b
een already used, duplicate ignored
<to be read again> 
                   \relax 
l.361 \end{verbatim}
                     [3]
<confocal_files/figure-latex/unnamed-chunk-3-1.pdf, id=62, 459.7175pt x 313.17p
t>
File: confocal_files/figure-latex/unnamed-chunk-3-1.pdf Graphic file (type pdf)

<use confocal_files/figure-latex/unnamed-chunk-3-1.pdf>
Package pdftex.def Info: confocal_files/figure-latex/unnamed-chunk-3-1.pdf  use
d on input line 384.
(pdftex.def)             Requested size: 459.7304pt x 313.17877pt.
<confocal_files/figure-latex/unnamed-chunk-3-2.pdf, id=63, 459.7175pt x 313.17p
t>
File: confocal_files/figure-latex/unnamed-chunk-3-2.pdf Graphic file (type pdf)

<use confocal_files/figure-latex/unnamed-chunk-3-2.pdf>
Package pdftex.def Info: confocal_files/figure-latex/unnamed-chunk-3-2.pdf  use
d on input line 385.
(pdftex.def)             Requested size: 459.7304pt x 313.17877pt.
<confocal_files/figure-latex/unnamed-chunk-3-3.pdf, id=64, 459.7175pt x 313.17p
t>
File: confocal_files/figure-latex/unnamed-chunk-3-3.pdf Graphic file (type pdf)

<use confocal_files/figure-latex/unnamed-chunk-3-3.pdf>
Package pdftex.def Info: confocal_files/figure-latex/unnamed-chunk-3-3.pdf  use
d on input line 386.
(pdftex.def)             Requested size: 459.7304pt x 313.17877pt.
<confocal_files/figure-latex/unnamed-chunk-3-4.pdf, id=65, 459.7175pt x 313.17p
t>
File: confocal_files/figure-latex/unnamed-chunk-3-4.pdf Graphic file (type pdf)

<use confocal_files/figure-latex/unnamed-chunk-3-4.pdf>
Package pdftex.def Info: confocal_files/figure-latex/unnamed-chunk-3-4.pdf  use
d on input line 387.
(pdftex.def)             Requested size: 459.7304pt x 313.17877pt.
<confocal_files/figure-latex/unnamed-chunk-3-5.pdf, id=66, 459.7175pt x 313.17p
t>
File: confocal_files/figure-latex/unnamed-chunk-3-5.pdf Graphic file (type pdf)

<use confocal_files/figure-latex/unnamed-chunk-3-5.pdf>
Package pdftex.def Info: confocal_files/figure-latex/unnamed-chunk-3-5.pdf  use
d on input line 388.
(pdftex.def)             Requested size: 459.7304pt x 313.17877pt.
<confocal_files/figure-latex/unnamed-chunk-3-6.pdf, id=67, 459.7175pt x 313.17p
t>
File: confocal_files/figure-latex/unnamed-chunk-3-6.pdf Graphic file (type pdf)

<use confocal_files/figure-latex/unnamed-chunk-3-6.pdf>
Package pdftex.def Info: confocal_files/figure-latex/unnamed-chunk-3-6.pdf  use
d on input line 389.
(pdftex.def)             Requested size: 459.7304pt x 313.17877pt.
<confocal_files/figure-latex/unnamed-chunk-3-7.pdf, id=68, 459.7175pt x 313.17p
t>
File: confocal_files/figure-latex/unnamed-chunk-3-7.pdf Graphic file (type pdf)

<use confocal_files/figure-latex/unnamed-chunk-3-7.pdf>
Package pdftex.def Info: confocal_files/figure-latex/unnamed-chunk-3-7.pdf  use
d on input line 390.
(pdftex.def)             Requested size: 459.7304pt x 313.17877pt.
<confocal_files/figure-latex/unnamed-chunk-3-8.pdf, id=69, 459.7175pt x 313.17p
t>
File: confocal_files/figure-latex/unnamed-chunk-3-8.pdf Graphic file (type pdf)

<use confocal_files/figure-latex/unnamed-chunk-3-8.pdf>
Package pdftex.def Info: confocal_files/figure-latex/unnamed-chunk-3-8.pdf  use
d on input line 391.
(pdftex.def)             Requested size: 459.7304pt x 313.17877pt.
<confocal_files/figure-latex/unnamed-chunk-3-9.pdf, id=70, 459.7175pt x 313.17p
t>
File: confocal_files/figure-latex/unnamed-chunk-3-9.pdf Graphic file (type pdf)

<use confocal_files/figure-latex/unnamed-chunk-3-9.pdf>
Package pdftex.def Info: confocal_files/figure-latex/unnamed-chunk-3-9.pdf  use
d on input line 392.
(pdftex.def)             Requested size: 459.7304pt x 313.17877pt.
<confocal_files/figure-latex/unnamed-chunk-3-10.pdf, id=71, 459.7175pt x 313.17
pt>
File: confocal_files/figure-latex/unnamed-chunk-3-10.pdf Graphic file (type pdf
)
<use confocal_files/figure-latex/unnamed-chunk-3-10.pdf>
Package pdftex.def Info: confocal_files/figure-latex/unnamed-chunk-3-10.pdf  us
ed on input line 393.
(pdftex.def)             Requested size: 459.7304pt x 313.17877pt.
<confocal_files/figure-latex/unnamed-chunk-3-11.pdf, id=72, 459.7175pt x 313.17
pt>
File: confocal_files/figure-latex/unnamed-chunk-3-11.pdf Graphic file (type pdf
)
<use confocal_files/figure-latex/unnamed-chunk-3-11.pdf>
Package pdftex.def Info: confocal_files/figure-latex/unnamed-chunk-3-11.pdf  us
ed on input line 394.
(pdftex.def)             Requested size: 459.7304pt x 313.17877pt.
<confocal_files/figure-latex/unnamed-chunk-3-12.pdf, id=73, 459.7175pt x 313.17
pt>
File: confocal_files/figure-latex/unnamed-chunk-3-12.pdf Graphic file (type pdf
)
<use confocal_files/figure-latex/unnamed-chunk-3-12.pdf>
Package pdftex.def Info: confocal_files/figure-latex/unnamed-chunk-3-12.pdf  us
ed on input line 395.
(pdftex.def)             Requested size: 459.7304pt x 313.17877pt.
<confocal_files/figure-latex/unnamed-chunk-3-13.pdf, id=74, 459.7175pt x 313.17
pt>
File: confocal_files/figure-latex/unnamed-chunk-3-13.pdf Graphic file (type pdf
)
<use confocal_files/figure-latex/unnamed-chunk-3-13.pdf>
Package pdftex.def Info: confocal_files/figure-latex/unnamed-chunk-3-13.pdf  us
ed on input line 396.
(pdftex.def)             Requested size: 459.7304pt x 313.17877pt.
<confocal_files/figure-latex/unnamed-chunk-3-14.pdf, id=75, 459.7175pt x 313.17
pt>
File: confocal_files/figure-latex/unnamed-chunk-3-14.pdf Graphic file (type pdf
)
<use confocal_files/figure-latex/unnamed-chunk-3-14.pdf>
Package pdftex.def Info: confocal_files/figure-latex/unnamed-chunk-3-14.pdf  us
ed on input line 397.
(pdftex.def)             Requested size: 459.7304pt x 313.17877pt.
<confocal_files/figure-latex/unnamed-chunk-3-15.pdf, id=76, 459.7175pt x 313.17
pt>
File: confocal_files/figure-latex/unnamed-chunk-3-15.pdf Graphic file (type pdf
)
<use confocal_files/figure-latex/unnamed-chunk-3-15.pdf>
Package pdftex.def Info: confocal_files/figure-latex/unnamed-chunk-3-15.pdf  us
ed on input line 398.
(pdftex.def)             Requested size: 459.7304pt x 313.17877pt.
<confocal_files/figure-latex/unnamed-chunk-3-16.pdf, id=77, 459.7175pt x 313.17
pt>
File: confocal_files/figure-latex/unnamed-chunk-3-16.pdf Graphic file (type pdf
)
<use confocal_files/figure-latex/unnamed-chunk-3-16.pdf>
Package pdftex.def Info: confocal_files/figure-latex/unnamed-chunk-3-16.pdf  us
ed on input line 399.
(pdftex.def)             Requested size: 459.7304pt x 313.17877pt.
<confocal_files/figure-latex/unnamed-chunk-3-17.pdf, id=78, 459.7175pt x 313.17
pt>
File: confocal_files/figure-latex/unnamed-chunk-3-17.pdf Graphic file (type pdf
)
<use confocal_files/figure-latex/unnamed-chunk-3-17.pdf>
Package pdftex.def Info: confocal_files/figure-latex/unnamed-chunk-3-17.pdf  us
ed on input line 400.
(pdftex.def)             Requested size: 459.7304pt x 313.17877pt.
<confocal_files/figure-latex/unnamed-chunk-3-18.pdf, id=79, 459.7175pt x 313.17
pt>
File: confocal_files/figure-latex/unnamed-chunk-3-18.pdf Graphic file (type pdf
)
<use confocal_files/figure-latex/unnamed-chunk-3-18.pdf>
Package pdftex.def Info: confocal_files/figure-latex/unnamed-chunk-3-18.pdf  us
ed on input line 401.
(pdftex.def)             Requested size: 459.7304pt x 313.17877pt.
<confocal_files/figure-latex/unnamed-chunk-3-19.pdf, id=80, 459.7175pt x 313.17
pt>
File: confocal_files/figure-latex/unnamed-chunk-3-19.pdf Graphic file (type pdf
)
<use confocal_files/figure-latex/unnamed-chunk-3-19.pdf>
Package pdftex.def Info: confocal_files/figure-latex/unnamed-chunk-3-19.pdf  us
ed on input line 402.
(pdftex.def)             Requested size: 459.7304pt x 313.17877pt.
<confocal_files/figure-latex/unnamed-chunk-3-20.pdf, id=81, 459.7175pt x 313.17
pt>
File: confocal_files/figure-latex/unnamed-chunk-3-20.pdf Graphic file (type pdf
)
<use confocal_files/figure-latex/unnamed-chunk-3-20.pdf>
Package pdftex.def Info: confocal_files/figure-latex/unnamed-chunk-3-20.pdf  us
ed on input line 403.
(pdftex.def)             Requested size: 459.7304pt x 313.17877pt.
<confocal_files/figure-latex/unnamed-chunk-3-21.pdf, id=82, 459.7175pt x 313.17
pt>
File: confocal_files/figure-latex/unnamed-chunk-3-21.pdf Graphic file (type pdf
)
<use confocal_files/figure-latex/unnamed-chunk-3-21.pdf>
Package pdftex.def Info: confocal_files/figure-latex/unnamed-chunk-3-21.pdf  us
ed on input line 404.
(pdftex.def)             Requested size: 459.7304pt x 313.17877pt.
<confocal_files/figure-latex/unnamed-chunk-3-22.pdf, id=83, 463.7325pt x 313.17
pt>
File: confocal_files/figure-latex/unnamed-chunk-3-22.pdf Graphic file (type pdf
)
<use confocal_files/figure-latex/unnamed-chunk-3-22.pdf>
Package pdftex.def Info: confocal_files/figure-latex/unnamed-chunk-3-22.pdf  us
ed on input line 405.
(pdftex.def)             Requested size: 463.73842pt x 313.174pt.
<confocal_files/figure-latex/unnamed-chunk-3-23.pdf, id=84, 463.7325pt x 314.17
375pt>
File: confocal_files/figure-latex/unnamed-chunk-3-23.pdf Graphic file (type pdf
)
<use confocal_files/figure-latex/unnamed-chunk-3-23.pdf>
Package pdftex.def Info: confocal_files/figure-latex/unnamed-chunk-3-23.pdf  us
ed on input line 406.
(pdftex.def)             Requested size: 463.73842pt x 314.17776pt.
<confocal_files/figure-latex/unnamed-chunk-3-24.pdf, id=85, 463.7325pt x 313.17
pt>
File: confocal_files/figure-latex/unnamed-chunk-3-24.pdf Graphic file (type pdf
)
<use confocal_files/figure-latex/unnamed-chunk-3-24.pdf>
Package pdftex.def Info: confocal_files/figure-latex/unnamed-chunk-3-24.pdf  us
ed on input line 407.
(pdftex.def)             Requested size: 463.73842pt x 313.174pt.
<confocal_files/figure-latex/unnamed-chunk-3-25.pdf, id=86, 463.7325pt x 313.17
pt>
File: confocal_files/figure-latex/unnamed-chunk-3-25.pdf Graphic file (type pdf
)
<use confocal_files/figure-latex/unnamed-chunk-3-25.pdf>
Package pdftex.def Info: confocal_files/figure-latex/unnamed-chunk-3-25.pdf  us
ed on input line 408.
(pdftex.def)             Requested size: 463.73842pt x 313.174pt.
<confocal_files/figure-latex/unnamed-chunk-3-26.pdf, id=87, 463.7325pt x 313.17
pt>
File: confocal_files/figure-latex/unnamed-chunk-3-26.pdf Graphic file (type pdf
)
<use confocal_files/figure-latex/unnamed-chunk-3-26.pdf>
Package pdftex.def Info: confocal_files/figure-latex/unnamed-chunk-3-26.pdf  us
ed on input line 409.
(pdftex.def)             Requested size: 463.73842pt x 313.174pt.
<confocal_files/figure-latex/unnamed-chunk-3-27.pdf, id=88, 463.7325pt x 313.17
pt>
File: confocal_files/figure-latex/unnamed-chunk-3-27.pdf Graphic file (type pdf
)
<use confocal_files/figure-latex/unnamed-chunk-3-27.pdf>
Package pdftex.def Info: confocal_files/figure-latex/unnamed-chunk-3-27.pdf  us
ed on input line 410.
(pdftex.def)             Requested size: 463.73842pt x 313.174pt.
<confocal_files/figure-latex/unnamed-chunk-3-28.pdf, id=89, 459.7175pt x 313.17
pt>
File: confocal_files/figure-latex/unnamed-chunk-3-28.pdf Graphic file (type pdf
)
<use confocal_files/figure-latex/unnamed-chunk-3-28.pdf>
Package pdftex.def Info: confocal_files/figure-latex/unnamed-chunk-3-28.pdf  us
ed on input line 411.
(pdftex.def)             Requested size: 459.7304pt x 313.17877pt.
<confocal_files/figure-latex/unnamed-chunk-3-29.pdf, id=90, 463.7325pt x 313.17
pt>
File: confocal_files/figure-latex/unnamed-chunk-3-29.pdf Graphic file (type pdf
)
<use confocal_files/figure-latex/unnamed-chunk-3-29.pdf>
Package pdftex.def Info: confocal_files/figure-latex/unnamed-chunk-3-29.pdf  us
ed on input line 412.
(pdftex.def)             Requested size: 463.73842pt x 313.174pt.
<confocal_files/figure-latex/unnamed-chunk-3-30.pdf, id=91, 463.7325pt x 313.17
pt>
File: confocal_files/figure-latex/unnamed-chunk-3-30.pdf Graphic file (type pdf
)
<use confocal_files/figure-latex/unnamed-chunk-3-30.pdf>
Package pdftex.def Info: confocal_files/figure-latex/unnamed-chunk-3-30.pdf  us
ed on input line 413.
(pdftex.def)             Requested size: 463.73842pt x 313.174pt.
<confocal_files/figure-latex/unnamed-chunk-3-31.pdf, id=92, 463.7325pt x 313.17
pt>
File: confocal_files/figure-latex/unnamed-chunk-3-31.pdf Graphic file (type pdf
)
<use confocal_files/figure-latex/unnamed-chunk-3-31.pdf>
Package pdftex.def Info: confocal_files/figure-latex/unnamed-chunk-3-31.pdf  us
ed on input line 414.
(pdftex.def)             Requested size: 463.73842pt x 313.174pt.
<confocal_files/figure-latex/unnamed-chunk-3-32.pdf, id=93, 459.7175pt x 313.17
pt>
File: confocal_files/figure-latex/unnamed-chunk-3-32.pdf Graphic file (type pdf
)
<use confocal_files/figure-latex/unnamed-chunk-3-32.pdf>
Package pdftex.def Info: confocal_files/figure-latex/unnamed-chunk-3-32.pdf  us
ed on input line 415.
(pdftex.def)             Requested size: 459.7304pt x 313.17877pt.
<confocal_files/figure-latex/unnamed-chunk-3-33.pdf, id=94, 459.7175pt x 313.17
pt>
File: confocal_files/figure-latex/unnamed-chunk-3-33.pdf Graphic file (type pdf
)
<use confocal_files/figure-latex/unnamed-chunk-3-33.pdf>
Package pdftex.def Info: confocal_files/figure-latex/unnamed-chunk-3-33.pdf  us
ed on input line 416.
(pdftex.def)             Requested size: 459.7304pt x 313.17877pt.
<confocal_files/figure-latex/unnamed-chunk-3-34.pdf, id=95, 459.7175pt x 313.17
pt>
File: confocal_files/figure-latex/unnamed-chunk-3-34.pdf Graphic file (type pdf
)
<use confocal_files/figure-latex/unnamed-chunk-3-34.pdf>
Package pdftex.def Info: confocal_files/figure-latex/unnamed-chunk-3-34.pdf  us
ed on input line 417.
(pdftex.def)             Requested size: 459.7304pt x 313.17877pt.

Underfull \hbox (badness 10000) in paragraph at lines 384--418
[][]
 []


Underfull \hbox (badness 10000) in paragraph at lines 384--418
[]
 []


Underfull \hbox (badness 10000) in paragraph at lines 384--418
[]
 []


Underfull \hbox (badness 10000) in paragraph at lines 384--418
[]
 []


Underfull \hbox (badness 10000) in paragraph at lines 384--418
[]
 []


Underfull \hbox (badness 10000) in paragraph at lines 384--418
[]
 []


Underfull \hbox (badness 10000) in paragraph at lines 384--418
[]
 []


Underfull \hbox (badness 10000) in paragraph at lines 384--418
[]
 []


Underfull \hbox (badness 10000) in paragraph at lines 384--418
[]
 []


Underfull \hbox (badness 10000) in paragraph at lines 384--418
[]
 []


Underfull \hbox (badness 10000) in paragraph at lines 384--418
[]
 []


Underfull \hbox (badness 10000) in paragraph at lines 384--418
[]
 []


Underfull \hbox (badness 10000) in paragraph at lines 384--418
[]
 []


Underfull \hbox (badness 10000) in paragraph at lines 384--418
[]
 []


Underfull \hbox (badness 10000) in paragraph at lines 384--418
[]
 []


Underfull \hbox (badness 10000) in paragraph at lines 384--418
[]
 []


Underfull \hbox (badness 10000) in paragraph at lines 384--418
[]
 []


Underfull \hbox (badness 10000) in paragraph at lines 384--418
[]
 []


Underfull \hbox (badness 10000) in paragraph at lines 384--418
[]
 []


Underfull \hbox (badness 10000) in paragraph at lines 384--418
[]
 []


Underfull \hbox (badness 10000) in paragraph at lines 384--418
[]
 []


Underfull \hbox (badness 10000) in paragraph at lines 384--418
[]
 []


Underfull \hbox (badness 10000) in paragraph at lines 384--418
[]
 []


Underfull \hbox (badness 10000) in paragraph at lines 384--418
[]
 []


Underfull \hbox (badness 10000) in paragraph at lines 384--418
[]
 []


Underfull \hbox (badness 10000) in paragraph at lines 384--418
[]
 []


Underfull \hbox (badness 10000) in paragraph at lines 384--418
[]
 []


Underfull \hbox (badness 10000) in paragraph at lines 384--418
[]
 []


Underfull \hbox (badness 10000) in paragraph at lines 384--418
[]
 []


Underfull \hbox (badness 10000) in paragraph at lines 384--418
[]
 []


Underfull \hbox (badness 10000) in paragraph at lines 384--418
[]
 []


Underfull \hbox (badness 10000) in paragraph at lines 384--418
[]
 []


Underfull \hbox (badness 10000) in paragraph at lines 384--418
[]
 []

pdfTeX warning (ext4): destination with the same identifier (name{page.}) has b
een already used, duplicate ignored
<to be read again> 
                   \relax 
l.418 
       [4]pdfTeX warning (ext4): destination with the same identifier (name{pag
e.}) has been already used, duplicate ignored
<to be read again> 
                   \relax 
l.418 
       [5 <./confocal_files/figure-latex/unnamed-chunk-3-1.pdf> <./confocal_fil
es/figure-latex/unnamed-chunk-3-2.pdf>]pdfTeX warning (ext4): destination with 
the same identifier (name{page.}) has been already used, duplicate ignored
<to be read again> 
                   \relax 
l.418 
       [6 <./confocal_files/figure-latex/unnamed-chunk-3-3.pdf> <./confocal_fil
es/figure-latex/unnamed-chunk-3-4.pdf>]pdfTeX warning (ext4): destination with 
the same identifier (name{page.}) has been already used, duplicate ignored
<to be read again> 
                   \relax 
l.418 
       [7 <./confocal_files/figure-latex/unnamed-chunk-3-5.pdf> <./confocal_fil
es/figure-latex/unnamed-chunk-3-6.pdf>]pdfTeX warning (ext4): destination with 
the same identifier (name{page.}) has been already used, duplicate ignored
<to be read again> 
                   \relax 
l.418 
       [8 <./confocal_files/figure-latex/unnamed-chunk-3-7.pdf> <./confocal_fil
es/figure-latex/unnamed-chunk-3-8.pdf>]pdfTeX warning (ext4): destination with 
the same identifier (name{page.}) has been already used, duplicate ignored
<to be read again> 
                   \relax 
l.418 
       [9 <./confocal_files/figure-latex/unnamed-chunk-3-9.pdf> <./confocal_fil
es/figure-latex/unnamed-chunk-3-10.pdf>]pdfTeX warning (ext4): destination with
 the same identifier (name{page.}) has been already used, duplicate ignored
<to be read again> 
                   \relax 
l.418 
       [10 <./confocal_files/figure-latex/unnamed-chunk-3-11.pdf> <./confocal_f
iles/figure-latex/unnamed-chunk-3-12.pdf>]pdfTeX warning (ext4): destination wi
th the same identifier (name{page.}) has been already used, duplicate ignored
<to be read again> 
                   \relax 
l.418 
       [11 <./confocal_files/figure-latex/unnamed-chunk-3-13.pdf> <./confocal_f
iles/figure-latex/unnamed-chunk-3-14.pdf>]pdfTeX warning (ext4): destination wi
th the same identifier (name{page.}) has been already used, duplicate ignored
<to be read again> 
                   \relax 
l.418 
       [12 <./confocal_files/figure-latex/unnamed-chunk-3-15.pdf> <./confocal_f
iles/figure-latex/unnamed-chunk-3-16.pdf>]pdfTeX warning (ext4): destination wi
th the same identifier (name{page.}) has been already used, duplicate ignored
<to be read again> 
                   \relax 
l.418 
       [13 <./confocal_files/figure-latex/unnamed-chunk-3-17.pdf> <./confocal_f
iles/figure-latex/unnamed-chunk-3-18.pdf>]pdfTeX warning (ext4): destination wi
th the same identifier (name{page.}) has been already used, duplicate ignored
<to be read again> 
                   \relax 
l.418 
       [14 <./confocal_files/figure-latex/unnamed-chunk-3-19.pdf> <./confocal_f
iles/figure-latex/unnamed-chunk-3-20.pdf>]pdfTeX warning (ext4): destination wi
th the same identifier (name{page.}) has been already used, duplicate ignored
<to be read again> 
                   \relax 
l.418 
       [15 <./confocal_files/figure-latex/unnamed-chunk-3-21.pdf> <./confocal_f
iles/figure-latex/unnamed-chunk-3-22.pdf>]pdfTeX warning (ext4): destination wi
th the same identifier (name{page.}) has been already used, duplicate ignored
<to be read again> 
                   \relax 
l.418 
       [16 <./confocal_files/figure-latex/unnamed-chunk-3-23.pdf> <./confocal_f
iles/figure-latex/unnamed-chunk-3-24.pdf>]pdfTeX warning (ext4): destination wi
th the same identifier (name{page.}) has been already used, duplicate ignored
<to be read again> 
                   \relax 
l.418 
       [17 <./confocal_files/figure-latex/unnamed-chunk-3-25.pdf> <./confocal_f
iles/figure-latex/unnamed-chunk-3-26.pdf>]pdfTeX warning (ext4): destination wi
th the same identifier (name{page.}) has been already used, duplicate ignored
<to be read again> 
                   \relax 
l.418 
       [18 <./confocal_files/figure-latex/unnamed-chunk-3-27.pdf> <./confocal_f
iles/figure-latex/unnamed-chunk-3-28.pdf>]pdfTeX warning (ext4): destination wi
th the same identifier (name{page.}) has been already used, duplicate ignored
<to be read again> 
                   \relax 
l.418 
       [19 <./confocal_files/figure-latex/unnamed-chunk-3-29.pdf> <./confocal_f
iles/figure-latex/unnamed-chunk-3-30.pdf>]pdfTeX warning (ext4): destination wi
th the same identifier (name{page.}) has been already used, duplicate ignored
<to be read again> 
                   \relax 
l.418 
       [20 <./confocal_files/figure-latex/unnamed-chunk-3-31.pdf> <./confocal_f
iles/figure-latex/unnamed-chunk-3-32.pdf>]pdfTeX warning (ext4): destination wi
th the same identifier (name{page.}) has been already used, duplicate ignored
<to be read again> 
                   \relax 
l.424 \begin{Shaded}
                     [21 <./confocal_files/figure-latex/unnamed-chunk-3-33.pdf>
 <./confocal_files/figure-latex/unnamed-chunk-3-34.pdf>]
<confocal_files/figure-latex/unnamed-chunk-4-1.pdf, id=394, 453.695pt x 313.17p
t>
File: confocal_files/figure-latex/unnamed-chunk-4-1.pdf Graphic file (type pdf)

<use confocal_files/figure-latex/unnamed-chunk-4-1.pdf>
Package pdftex.def Info: confocal_files/figure-latex/unnamed-chunk-4-1.pdf  use
d on input line 438.
(pdftex.def)             Requested size: 453.6939pt x 313.16922pt.
<confocal_files/figure-latex/unnamed-chunk-4-2.pdf, id=395, 453.695pt x 315.177
5pt>
File: confocal_files/figure-latex/unnamed-chunk-4-2.pdf Graphic file (type pdf)

<use confocal_files/figure-latex/unnamed-chunk-4-2.pdf>
Package pdftex.def Info: confocal_files/figure-latex/unnamed-chunk-4-2.pdf  use
d on input line 464.
(pdftex.def)             Requested size: 453.6939pt x 315.17673pt.
pdfTeX warning (ext4): destination with the same identifier (name{page.}) has b
een already used, duplicate ignored
<to be read again> 
                   \relax 
l.466 \begin{Shaded}
                     [22 <./confocal_files/figure-latex/unnamed-chunk-4-1.pdf>]
<confocal_files/figure-latex/unnamed-chunk-4-3.pdf, id=406, 453.695pt x 315.177
5pt>
File: confocal_files/figure-latex/unnamed-chunk-4-3.pdf Graphic file (type pdf)

<use confocal_files/figure-latex/unnamed-chunk-4-3.pdf>
Package pdftex.def Info: confocal_files/figure-latex/unnamed-chunk-4-3.pdf  use
d on input line 490.
(pdftex.def)             Requested size: 453.6939pt x 315.17673pt.
pdfTeX warning (ext4): destination with the same identifier (name{page.}) has b
een already used, duplicate ignored
<to be read again> 
                   \relax 
l.492 \begin{Shaded}
                     [23 <./confocal_files/figure-latex/unnamed-chunk-4-2.pdf>]
<confocal_files/figure-latex/unnamed-chunk-4-4.pdf, id=417, 457.71pt x 316.1812
4pt>
File: confocal_files/figure-latex/unnamed-chunk-4-4.pdf Graphic file (type pdf)

<use confocal_files/figure-latex/unnamed-chunk-4-4.pdf>
Package pdftex.def Info: confocal_files/figure-latex/unnamed-chunk-4-4.pdf  use
d on input line 517.
(pdftex.def)             Requested size: 457.72984pt x 316.19493pt.
pdfTeX warning (ext4): destination with the same identifier (name{page.}) has b
een already used, duplicate ignored
<to be read again> 
                   \relax 
l.519 \begin{Shaded}
                     [24 <./confocal_files/figure-latex/unnamed-chunk-4-3.pdf>]
<confocal_files/figure-latex/unnamed-chunk-4-5.pdf, id=428, 463.7325pt x 311.16
25pt>
File: confocal_files/figure-latex/unnamed-chunk-4-5.pdf Graphic file (type pdf)

<use confocal_files/figure-latex/unnamed-chunk-4-5.pdf>
Package pdftex.def Info: confocal_files/figure-latex/unnamed-chunk-4-5.pdf  use
d on input line 538.
(pdftex.def)             Requested size: 463.73842pt x 311.16649pt.
pdfTeX warning (ext4): destination with the same identifier (name{page.}) has b
een already used, duplicate ignored
<to be read again> 
                   \relax 
l.540 \begin{Shaded}
                     [25 <./confocal_files/figure-latex/unnamed-chunk-4-4.pdf>]
pdfTeX warning (ext4): destination with the same identifier (name{page.}) has b
een already used, duplicate ignored
<to be read again> 
                   \relax 
l.593 \end{Shaded}
                   [26 <./confocal_files/figure-latex/unnamed-chunk-4-5.pdf>]
<confocal_files/figure-latex/unnamed-chunk-5-1.pdf, id=451, 453.695pt x 313.17p
t>
File: confocal_files/figure-latex/unnamed-chunk-5-1.pdf Graphic file (type pdf)

<use confocal_files/figure-latex/unnamed-chunk-5-1.pdf>
Package pdftex.def Info: confocal_files/figure-latex/unnamed-chunk-5-1.pdf  use
d on input line 595.
(pdftex.def)             Requested size: 453.6939pt x 313.16922pt.
<confocal_files/figure-latex/unnamed-chunk-5-2.pdf, id=452, 453.695pt x 313.17p
t>
File: confocal_files/figure-latex/unnamed-chunk-5-2.pdf Graphic file (type pdf)

<use confocal_files/figure-latex/unnamed-chunk-5-2.pdf>
Package pdftex.def Info: confocal_files/figure-latex/unnamed-chunk-5-2.pdf  use
d on input line 625.
(pdftex.def)             Requested size: 453.6939pt x 313.16922pt.
pdfTeX warning (ext4): destination with the same identifier (name{page.}) has b
een already used, duplicate ignored
<to be read again> 
                   \relax 
l.627 \begin{Shaded}
                     [27 <./confocal_files/figure-latex/unnamed-chunk-5-1.pdf>]
pdfTeX warning (ext4): destination with the same identifier (name{page.}) has b
een already used, duplicate ignored
<to be read again> 
                   \relax 
l.683 \end{Shaded}
                   [28 <./confocal_files/figure-latex/unnamed-chunk-5-2.pdf>]
<confocal_files/figure-latex/unnamed-chunk-6-1.pdf, id=483, 459.7175pt x 317.18
5pt>
File: confocal_files/figure-latex/unnamed-chunk-6-1.pdf Graphic file (type pdf)

<use confocal_files/figure-latex/unnamed-chunk-6-1.pdf>
Package pdftex.def Info: confocal_files/figure-latex/unnamed-chunk-6-1.pdf  use
d on input line 685.
(pdftex.def)             Requested size: 459.74442pt x 317.20355pt.
pdfTeX warning (ext4): destination with the same identifier (name{page.}) has b
een already used, duplicate ignored
<to be read again> 
                   \relax 
l.697 \begin{Shaded}
                     [29 <./confocal_files/figure-latex/unnamed-chunk-6-1.pdf>]
<confocal_files/figure-latex/unnamed-chunk-6-2.pdf, id=494, 459.7175pt x 315.17
75pt>
File: confocal_files/figure-latex/unnamed-chunk-6-2.pdf Graphic file (type pdf)

<use confocal_files/figure-latex/unnamed-chunk-6-2.pdf>
Package pdftex.def Info: confocal_files/figure-latex/unnamed-chunk-6-2.pdf  use
d on input line 731.
(pdftex.def)             Requested size: 459.74442pt x 315.19595pt.
pdfTeX warning (ext4): destination with the same identifier (name{page.}) has b
een already used, duplicate ignored
<to be read again> 
                   \relax 
l.733 \begin{Shaded}
                     [30]pdfTeX warning (ext4): destination with the same ident
ifier (name{page.}) has been already used, duplicate ignored
<to be read again> 
                   \relax 
l.794 \end{verbatim}
                     [31 <./confocal_files/figure-latex/unnamed-chunk-6-2.pdf>]
Package atveryend Info: Empty hook `BeforeClearDocument' on input line 796.
pdfTeX warning (ext4): destination with the same identifier (name{page.}) has b
een already used, duplicate ignored
<to be read again> 
                   \relax 
l.796 \end{document}
                     [32]
Package atveryend Info: Empty hook `AfterLastShipout' on input line 796.
(./confocal.aux)
Package atveryend Info: Executing hook `AtVeryEndDocument' on input line 796.
Package atveryend Info: Executing hook `AtEndAfterFileList' on input line 796.
Package rerunfilecheck Info: File `confocal.out' has not changed.
(rerunfilecheck)             Checksum: C50CDA55DF755A4FFBB8E8A487A44DBB;2315.
Package atveryend Info: Empty hook `AtVeryVeryEnd' on input line 796.
 ) 
Here is how much of TeX's memory you used:
 12703 strings out of 482411
 192937 string characters out of 5945919
 436711 words of memory out of 5000000
 28167 multiletter control sequences out of 15000+600000
 583253 words of font info for 68 fonts, out of 8000000 for 9000
 14 hyphenation exceptions out of 8191
 34i,7n,37p,530b,458s stack positions out of 5000i,500n,10000p,200000b,80000s
{/Users/joaomarreiros/Library/TinyTeX/texmf-dist/fonts/enc/dvips/lm/lm-ec.enc
}{/Users/joaomarreiros/Library/TinyTeX/texmf-dist/fonts/enc/dvips/lm/lm-ts1.enc
}</Users/joaomarreiros/Library/TinyTeX/texmf-dist/fonts/type1/public/lm/lmbx10.
pfb></Users/joaomarreiros/Library/TinyTeX/texmf-dist/fonts/type1/public/lm/lmbx
12.pfb></Users/joaomarreiros/Library/TinyTeX/texmf-dist/fonts/type1/public/lm/l
mr10.pfb></Users/joaomarreiros/Library/TinyTeX/texmf-dist/fonts/type1/public/lm
/lmr12.pfb></Users/joaomarreiros/Library/TinyTeX/texmf-dist/fonts/type1/public/
lm/lmr17.pfb></Users/joaomarreiros/Library/TinyTeX/texmf-dist/fonts/type1/publi
c/lm/lmri10.pfb></Users/joaomarreiros/Library/TinyTeX/texmf-dist/fonts/type1/pu
blic/lm/lmtk10.pfb></Users/joaomarreiros/Library/TinyTeX/texmf-dist/fonts/type1
/public/lm/lmtt10.pfb></Users/joaomarreiros/Library/TinyTeX/texmf-dist/fonts/ty
pe1/public/lm/lmtti10.pfb>
Output written on confocal.pdf (32 pages, 596280 bytes).
PDF statistics:
 552 PDF objects out of 1000 (max. 8388607)
 376 compressed objects within 4 object streams
 18 named destinations out of 1000 (max. 500000)
 280 words of extra memory for PDF output out of 10000 (max. 10000000)

