This is pdfTeX, Version 3.14159265-2.6-1.40.21 (TeX Live 2020) (preloaded format=pdflatex 2020.5.13)  17 MAR 2021 15:34
entering extended mode
 restricted \write18 enabled.
 %&-line parsing enabled.
**tech-usewear.tex
(./tech-usewear.tex
LaTeX2e <2020-02-02> patch level 5
L3 programming layer <2020-05-11> (/Users/joaomarreiros/Library/TinyTeX/texmf-d
ist/tex/latex/base/article.cls
Document Class: article 2019/12/20 v1.4l Standard LaTeX document class
(/Users/joaomarreiros/Library/TinyTeX/texmf-dist/tex/latex/base/size10.clo
File: size10.clo 2019/12/20 v1.4l Standard LaTeX file (size option)
)
\c@part=\count167
\c@section=\count168
\c@subsection=\count169
\c@subsubsection=\count170
\c@paragraph=\count171
\c@subparagraph=\count172
\c@figure=\count173
\c@table=\count174
\abovecaptionskip=\skip47
\belowcaptionskip=\skip48
\bibindent=\dimen134
) (/Users/joaomarreiros/Library/TinyTeX/texmf-dist/tex/latex/amsmath/amsmath.st
y
Package: amsmath 2020/01/20 v2.17e AMS math features
\@mathmargin=\skip49
For additional information on amsmath, use the `?' option.
(/Users/joaomarreiros/Library/TinyTeX/texmf-dist/tex/latex/amsmath/amstext.sty
Package: amstext 2000/06/29 v2.01 AMS text
(/Users/joaomarreiros/Library/TinyTeX/texmf-dist/tex/latex/amsmath/amsgen.sty
File: amsgen.sty 1999/11/30 v2.0 generic functions
\@emptytoks=\toks15
\ex@=\dimen135
)) (/Users/joaomarreiros/Library/TinyTeX/texmf-dist/tex/latex/amsmath/amsbsy.st
y
Package: amsbsy 1999/11/29 v1.2d Bold Symbols
\pmbraise@=\dimen136
) (/Users/joaomarreiros/Library/TinyTeX/texmf-dist/tex/latex/amsmath/amsopn.sty
Package: amsopn 2016/03/08 v2.02 operator names
)
\inf@bad=\count175
LaTeX Info: Redefining \frac on input line 227.
\uproot@=\count176
\leftroot@=\count177
LaTeX Info: Redefining \overline on input line 389.
\classnum@=\count178
\DOTSCASE@=\count179
LaTeX Info: Redefining \ldots on input line 486.
LaTeX Info: Redefining \dots on input line 489.
LaTeX Info: Redefining \cdots on input line 610.
\Mathstrutbox@=\box45
\strutbox@=\box46
\big@size=\dimen137
LaTeX Font Info:    Redeclaring font encoding OML on input line 733.
LaTeX Font Info:    Redeclaring font encoding OMS on input line 734.
\macc@depth=\count180
\c@MaxMatrixCols=\count181
\dotsspace@=\muskip16
\c@parentequation=\count182
\dspbrk@lvl=\count183
\tag@help=\toks16
\row@=\count184
\column@=\count185
\maxfields@=\count186
\andhelp@=\toks17
\eqnshift@=\dimen138
\alignsep@=\dimen139
\tagshift@=\dimen140
\tagwidth@=\dimen141
\totwidth@=\dimen142
\lineht@=\dimen143
\@envbody=\toks18
\multlinegap=\skip50
\multlinetaggap=\skip51
\mathdisplay@stack=\toks19
LaTeX Info: Redefining \[ on input line 2859.
LaTeX Info: Redefining \] on input line 2860.
)
(/Users/joaomarreiros/Library/TinyTeX/texmf-dist/tex/latex/amsfonts/amssymb.sty
Package: amssymb 2013/01/14 v3.01 AMS font symbols

(/Users/joaomarreiros/Library/TinyTeX/texmf-dist/tex/latex/amsfonts/amsfonts.st
y
Package: amsfonts 2013/01/14 v3.01 Basic AMSFonts support
\symAMSa=\mathgroup4
\symAMSb=\mathgroup5
LaTeX Font Info:    Redeclaring math symbol \hbar on input line 98.
LaTeX Font Info:    Overwriting math alphabet `\mathfrak' in version `bold'
(Font)                  U/euf/m/n --> U/euf/b/n on input line 106.
)) (/Users/joaomarreiros/Library/TinyTeX/texmf-dist/tex/latex/lm/lmodern.sty
Package: lmodern 2009/10/30 v1.6 Latin Modern Fonts
LaTeX Font Info:    Overwriting symbol font `operators' in version `normal'
(Font)                  OT1/cmr/m/n --> OT1/lmr/m/n on input line 22.
LaTeX Font Info:    Overwriting symbol font `letters' in version `normal'
(Font)                  OML/cmm/m/it --> OML/lmm/m/it on input line 23.
LaTeX Font Info:    Overwriting symbol font `symbols' in version `normal'
(Font)                  OMS/cmsy/m/n --> OMS/lmsy/m/n on input line 24.
LaTeX Font Info:    Overwriting symbol font `largesymbols' in version `normal'
(Font)                  OMX/cmex/m/n --> OMX/lmex/m/n on input line 25.
LaTeX Font Info:    Overwriting symbol font `operators' in version `bold'
(Font)                  OT1/cmr/bx/n --> OT1/lmr/bx/n on input line 26.
LaTeX Font Info:    Overwriting symbol font `letters' in version `bold'
(Font)                  OML/cmm/b/it --> OML/lmm/b/it on input line 27.
LaTeX Font Info:    Overwriting symbol font `symbols' in version `bold'
(Font)                  OMS/cmsy/b/n --> OMS/lmsy/b/n on input line 28.
LaTeX Font Info:    Overwriting symbol font `largesymbols' in version `bold'
(Font)                  OMX/cmex/m/n --> OMX/lmex/m/n on input line 29.
LaTeX Font Info:    Overwriting math alphabet `\mathbf' in version `normal'
(Font)                  OT1/cmr/bx/n --> OT1/lmr/bx/n on input line 31.
LaTeX Font Info:    Overwriting math alphabet `\mathsf' in version `normal'
(Font)                  OT1/cmss/m/n --> OT1/lmss/m/n on input line 32.
LaTeX Font Info:    Overwriting math alphabet `\mathit' in version `normal'
(Font)                  OT1/cmr/m/it --> OT1/lmr/m/it on input line 33.
LaTeX Font Info:    Overwriting math alphabet `\mathtt' in version `normal'
(Font)                  OT1/cmtt/m/n --> OT1/lmtt/m/n on input line 34.
LaTeX Font Info:    Overwriting math alphabet `\mathbf' in version `bold'
(Font)                  OT1/cmr/bx/n --> OT1/lmr/bx/n on input line 35.
LaTeX Font Info:    Overwriting math alphabet `\mathsf' in version `bold'
(Font)                  OT1/cmss/bx/n --> OT1/lmss/bx/n on input line 36.
LaTeX Font Info:    Overwriting math alphabet `\mathit' in version `bold'
(Font)                  OT1/cmr/bx/it --> OT1/lmr/bx/it on input line 37.
LaTeX Font Info:    Overwriting math alphabet `\mathtt' in version `bold'
(Font)                  OT1/cmtt/m/n --> OT1/lmtt/m/n on input line 38.
) (/Users/joaomarreiros/Library/TinyTeX/texmf-dist/tex/generic/iftex/ifxetex.st
y
Package: ifxetex 2019/10/25 v0.7 ifxetex legacy package. Use iftex instead.
(/Users/joaomarreiros/Library/TinyTeX/texmf-dist/tex/generic/iftex/iftex.sty
Package: iftex 2020/03/06 v1.0d TeX engine tests
))
(/Users/joaomarreiros/Library/TinyTeX/texmf-dist/tex/generic/iftex/ifluatex.sty
Package: ifluatex 2019/10/25 v1.5 ifluatex legacy package. Use iftex instead.
) (/Users/joaomarreiros/Library/TinyTeX/texmf-dist/tex/latex/base/fontenc.sty
Package: fontenc 2020/02/11 v2.0o Standard LaTeX package
LaTeX Font Info:    Trying to load font information for T1+lmr on input line 11
2.
(/Users/joaomarreiros/Library/TinyTeX/texmf-dist/tex/latex/lm/t1lmr.fd
File: t1lmr.fd 2009/10/30 v1.6 Font defs for Latin Modern
)) (/Users/joaomarreiros/Library/TinyTeX/texmf-dist/tex/latex/base/inputenc.sty
Package: inputenc 2018/08/11 v1.3c Input encoding file
\inpenc@prehook=\toks20
\inpenc@posthook=\toks21
) (/Users/joaomarreiros/Library/TinyTeX/texmf-dist/tex/latex/base/textcomp.sty
Package: textcomp 2020/02/02 v2.0n Standard LaTeX package
) (/Users/joaomarreiros/Library/TinyTeX/texmf-dist/tex/latex/upquote/upquote.st
y
Package: upquote 2012/04/19 v1.3 upright-quote and grave-accent glyphs in verba
tim
) (/Users/joaomarreiros/Library/TinyTeX/texmf-dist/tex/latex/xcolor/xcolor.sty
Package: xcolor 2016/05/11 v2.12 LaTeX color extensions (UK)

(/Users/joaomarreiros/Library/TinyTeX/texmf-dist/tex/latex/graphics-cfg/color.c
fg
File: color.cfg 2016/01/02 v1.6 sample color configuration
)
Package xcolor Info: Driver file: pdftex.def on input line 225.

(/Users/joaomarreiros/Library/TinyTeX/texmf-dist/tex/latex/graphics-def/pdftex.
def
File: pdftex.def 2018/01/08 v1.0l Graphics/color driver for pdftex
)
Package xcolor Info: Model `cmy' substituted by `cmy0' on input line 1348.
Package xcolor Info: Model `hsb' substituted by `rgb' on input line 1352.
Package xcolor Info: Model `RGB' extended on input line 1364.
Package xcolor Info: Model `HTML' substituted by `rgb' on input line 1366.
Package xcolor Info: Model `Hsb' substituted by `hsb' on input line 1367.
Package xcolor Info: Model `tHsb' substituted by `hsb' on input line 1368.
Package xcolor Info: Model `HSB' substituted by `hsb' on input line 1369.
Package xcolor Info: Model `Gray' substituted by `gray' on input line 1370.
Package xcolor Info: Model `wave' substituted by `hsb' on input line 1371.
)
(/Users/joaomarreiros/Library/TinyTeX/texmf-dist/tex/latex/hyperref/hyperref.st
y
Package: hyperref 2020/01/14 v7.00d Hypertext links for LaTeX

(/Users/joaomarreiros/Library/TinyTeX/texmf-dist/tex/generic/ltxcmds/ltxcmds.st
y
Package: ltxcmds 2019/12/15 v1.24 LaTeX kernel commands for general use (HO)
)
(/Users/joaomarreiros/Library/TinyTeX/texmf-dist/tex/latex/pdftexcmds/pdftexcmd
s.sty
Package: pdftexcmds 2019/11/24 v0.31 Utility functions of pdfTeX for LuaTeX (HO
)

(/Users/joaomarreiros/Library/TinyTeX/texmf-dist/tex/generic/infwarerr/infwarer
r.sty
Package: infwarerr 2019/12/03 v1.5 Providing info/warning/error messages (HO)
)
Package pdftexcmds Info: \pdf@primitive is available.
Package pdftexcmds Info: \pdf@ifprimitive is available.
Package pdftexcmds Info: \pdfdraftmode found.
) (/Users/joaomarreiros/Library/TinyTeX/texmf-dist/tex/latex/graphics/keyval.st
y
Package: keyval 2014/10/28 v1.15 key=value parser (DPC)
\KV@toks@=\toks22
)
(/Users/joaomarreiros/Library/TinyTeX/texmf-dist/tex/generic/kvsetkeys/kvsetkey
s.sty
Package: kvsetkeys 2019/12/15 v1.18 Key value parser (HO)
)
(/Users/joaomarreiros/Library/TinyTeX/texmf-dist/tex/generic/kvdefinekeys/kvdef
inekeys.sty
Package: kvdefinekeys 2019-12-19 v1.6 Define keys (HO)
)
(/Users/joaomarreiros/Library/TinyTeX/texmf-dist/tex/generic/pdfescape/pdfescap
e.sty
Package: pdfescape 2019/12/09 v1.15 Implements pdfTeX's escape features (HO)
) (/Users/joaomarreiros/Library/TinyTeX/texmf-dist/tex/latex/hycolor/hycolor.st
y
Package: hycolor 2020-01-27 v1.10 Color options for hyperref/bookmark (HO)
)
(/Users/joaomarreiros/Library/TinyTeX/texmf-dist/tex/latex/letltxmacro/letltxma
cro.sty
Package: letltxmacro 2019/12/03 v1.6 Let assignment for LaTeX macros (HO)
) (/Users/joaomarreiros/Library/TinyTeX/texmf-dist/tex/latex/auxhook/auxhook.st
y
Package: auxhook 2019-12-17 v1.6 Hooks for auxiliary files (HO)
)
(/Users/joaomarreiros/Library/TinyTeX/texmf-dist/tex/latex/kvoptions/kvoptions.
sty
Package: kvoptions 2019/11/29 v3.13 Key value format for package options (HO)
)
\@linkdim=\dimen144
\Hy@linkcounter=\count187
\Hy@pagecounter=\count188
(/Users/joaomarreiros/Library/TinyTeX/texmf-dist/tex/latex/hyperref/pd1enc.def
File: pd1enc.def 2020/01/14 v7.00d Hyperref: PDFDocEncoding definition (HO)
Now handling font encoding PD1 ...
... no UTF-8 mapping file for font encoding PD1
)
(/Users/joaomarreiros/Library/TinyTeX/texmf-dist/tex/generic/intcalc/intcalc.st
y
Package: intcalc 2019/12/15 v1.3 Expandable calculations with integers (HO)
)
(/Users/joaomarreiros/Library/TinyTeX/texmf-dist/tex/generic/etexcmds/etexcmds.
sty
Package: etexcmds 2019/12/15 v1.7 Avoid name clashes with e-TeX commands (HO)
)
\Hy@SavedSpaceFactor=\count189
Package hyperref Info: Option `unicode' set `true' on input line 4421.
(/Users/joaomarreiros/Library/TinyTeX/texmf-dist/tex/latex/hyperref/puenc.def
File: puenc.def 2020/01/14 v7.00d Hyperref: PDF Unicode definition (HO)
Now handling font encoding PU ...
... no UTF-8 mapping file for font encoding PU
)
Package hyperref Info: Hyper figures OFF on input line 4547.
Package hyperref Info: Link nesting OFF on input line 4552.
Package hyperref Info: Hyper index ON on input line 4555.
Package hyperref Info: Plain pages OFF on input line 4562.
Package hyperref Info: Backreferencing OFF on input line 4567.
Package hyperref Info: Implicit mode ON; LaTeX internals redefined.
Package hyperref Info: Bookmarks ON on input line 4800.
\c@Hy@tempcnt=\count190
(/Users/joaomarreiros/Library/TinyTeX/texmf-dist/tex/latex/url/url.sty
\Urlmuskip=\muskip17
Package: url 2013/09/16  ver 3.4  Verb mode for urls, etc.
)
LaTeX Info: Redefining \url on input line 5159.
\XeTeXLinkMargin=\dimen145
(/Users/joaomarreiros/Library/TinyTeX/texmf-dist/tex/generic/bitset/bitset.sty
Package: bitset 2019/12/09 v1.3 Handle bit-vector datatype (HO)

(/Users/joaomarreiros/Library/TinyTeX/texmf-dist/tex/generic/bigintcalc/bigintc
alc.sty
Package: bigintcalc 2019/12/15 v1.5 Expandable calculations on big integers (HO
)
))
\Fld@menulength=\count191
\Field@Width=\dimen146
\Fld@charsize=\dimen147
Package hyperref Info: Hyper figures OFF on input line 6430.
Package hyperref Info: Link nesting OFF on input line 6435.
Package hyperref Info: Hyper index ON on input line 6438.
Package hyperref Info: backreferencing OFF on input line 6445.
Package hyperref Info: Link coloring OFF on input line 6450.
Package hyperref Info: Link coloring with OCG OFF on input line 6455.
Package hyperref Info: PDF/A mode OFF on input line 6460.
LaTeX Info: Redefining \ref on input line 6500.
LaTeX Info: Redefining \pageref on input line 6504.

(/Users/joaomarreiros/Library/TinyTeX/texmf-dist/tex/generic/atbegshi/atbegshi.
sty
Package: atbegshi 2019/12/05 v1.19 At begin shipout hook (HO)
)
\Hy@abspage=\count192
\c@Item=\count193
\c@Hfootnote=\count194
)
Package hyperref Info: Driver (autodetected): hpdftex.

(/Users/joaomarreiros/Library/TinyTeX/texmf-dist/tex/latex/hyperref/hpdftex.def
File: hpdftex.def 2020/01/14 v7.00d Hyperref driver for pdfTeX

(/Users/joaomarreiros/Library/TinyTeX/texmf-dist/tex/latex/atveryend/atveryend.
sty
Package: atveryend 2019-12-11 v1.11 Hooks at the very end of document (HO)
Package atveryend Info: \enddocument detected (standard20110627).
)
\Fld@listcount=\count195
\c@bookmark@seq@number=\count196

(/Users/joaomarreiros/Library/TinyTeX/texmf-dist/tex/latex/rerunfilecheck/rerun
filecheck.sty
Package: rerunfilecheck 2019/12/05 v1.9 Rerun checks for auxiliary files (HO)

(/Users/joaomarreiros/Library/TinyTeX/texmf-dist/tex/generic/uniquecounter/uniq
uecounter.sty
Package: uniquecounter 2019/12/15 v1.4 Provide unlimited unique counter (HO)
)
Package uniquecounter Info: New unique counter `rerunfilecheck' on input line 2
86.
)
\Hy@SectionHShift=\skip52
)
(/Users/joaomarreiros/Library/TinyTeX/texmf-dist/tex/latex/geometry/geometry.st
y
Package: geometry 2020/01/02 v5.9 Page Geometry
(/Users/joaomarreiros/Library/TinyTeX/texmf-dist/tex/generic/iftex/ifvtex.sty
Package: ifvtex 2019/10/25 v1.7 ifvtex legacy package. Use iftex instead.
)
\Gm@cnth=\count197
\Gm@cntv=\count198
\c@Gm@tempcnt=\count199
\Gm@bindingoffset=\dimen148
\Gm@wd@mp=\dimen149
\Gm@odd@mp=\dimen150
\Gm@even@mp=\dimen151
\Gm@layoutwidth=\dimen152
\Gm@layoutheight=\dimen153
\Gm@layouthoffset=\dimen154
\Gm@layoutvoffset=\dimen155
\Gm@dimlist=\toks23
)
(/Users/joaomarreiros/Library/TinyTeX/texmf-dist/tex/latex/fancyvrb/fancyvrb.st
y
Package: fancyvrb 2020/05/03 v3.6 verbatim text (tvz,hv)
\FV@CodeLineNo=\count266
\FV@InFile=\read2
\FV@TabBox=\box47
\c@FancyVerbLine=\count267
\FV@StepNumber=\count268
\FV@OutFile=\write3
) (/Users/joaomarreiros/Library/TinyTeX/texmf-dist/tex/latex/framed/framed.sty
Package: framed 2011/10/22 v 0.96: framed or shaded text with page breaks
\OuterFrameSep=\skip53
\fb@frw=\dimen156
\fb@frh=\dimen157
\FrameRule=\dimen158
\FrameSep=\dimen159
)
(/Users/joaomarreiros/Library/TinyTeX/texmf-dist/tex/latex/graphics/graphicx.st
y
Package: graphicx 2019/11/30 v1.2a Enhanced LaTeX Graphics (DPC,SPQR)

(/Users/joaomarreiros/Library/TinyTeX/texmf-dist/tex/latex/graphics/graphics.st
y
Package: graphics 2019/11/30 v1.4a Standard LaTeX Graphics (DPC,SPQR)
(/Users/joaomarreiros/Library/TinyTeX/texmf-dist/tex/latex/graphics/trig.sty
Package: trig 2016/01/03 v1.10 sin cos tan (DPC)
)
(/Users/joaomarreiros/Library/TinyTeX/texmf-dist/tex/latex/graphics-cfg/graphic
s.cfg
File: graphics.cfg 2016/06/04 v1.11 sample graphics configuration
)
Package graphics Info: Driver file: pdftex.def on input line 105.
)
\Gin@req@height=\dimen160
\Gin@req@width=\dimen161
)
(/Users/joaomarreiros/Library/TinyTeX/texmf-dist/tex/latex/multirow/multirow.st
y
Package: multirow 2019/05/31 v2.5 Span multiple rows of a table
\multirow@colwidth=\skip54
\multirow@cntb=\count269
\multirow@dima=\skip55
\bigstrutjot=\dimen162
) (/Users/joaomarreiros/Library/TinyTeX/texmf-dist/tex/latex/tools/multicol.sty
Package: multicol 2019/12/09 v1.8y multicolumn formatting (FMi)
\c@tracingmulticols=\count270
\mult@box=\box48
\multicol@leftmargin=\dimen163
\c@unbalance=\count271
\c@collectmore=\count272
\doublecol@number=\count273
\multicoltolerance=\count274
\multicolpretolerance=\count275
\full@width=\dimen164
\page@free=\dimen165
\premulticols=\dimen166
\postmulticols=\dimen167
\multicolsep=\skip56
\multicolbaselineskip=\skip57
\partial@page=\box49
\last@line=\box50
\maxbalancingoverflow=\dimen168
\mult@rightbox=\box51
\mult@grightbox=\box52
\mult@gfirstbox=\box53
\mult@firstbox=\box54
\@tempa=\box55
\@tempa=\box56
\@tempa=\box57
\@tempa=\box58
\@tempa=\box59
\@tempa=\box60
\@tempa=\box61
\@tempa=\box62
\@tempa=\box63
\@tempa=\box64
\@tempa=\box65
\@tempa=\box66
\@tempa=\box67
\@tempa=\box68
\@tempa=\box69
\@tempa=\box70
\@tempa=\box71
\@tempa=\box72
\@tempa=\box73
\@tempa=\box74
\@tempa=\box75
\@tempa=\box76
\@tempa=\box77
\@tempa=\box78
\@tempa=\box79
\@tempa=\box80
\@tempa=\box81
\@tempa=\box82
\@tempa=\box83
\@tempa=\box84
\@tempa=\box85
\@tempa=\box86
\@tempa=\box87
\@tempa=\box88
\@tempa=\box89
\@tempa=\box90
\@tempa=\box91
\c@minrows=\count276
\c@columnbadness=\count277
\c@finalcolumnbadness=\count278
\last@try=\dimen169
\multicolovershoot=\dimen170
\multicolundershoot=\dimen171
\mult@nat@firstbox=\box92
\colbreak@box=\box93
\mc@col@check@num=\count279
)
(/Users/joaomarreiros/Library/TinyTeX/texmf-dist/tex/latex/colortbl/colortbl.st
y
Package: colortbl 2020/01/04 v1.0e Color table columns (DPC)
(/Users/joaomarreiros/Library/TinyTeX/texmf-dist/tex/latex/tools/array.sty
Package: array 2019/08/31 v2.4l Tabular extension package (FMi)
\col@sep=\dimen172
\ar@mcellbox=\box94
\extrarowheight=\dimen173
\NC@list=\toks24
\extratabsurround=\skip58
\backup@length=\skip59
\ar@cellbox=\box95
)
\everycr=\toks25
\minrowclearance=\skip60
) (/Users/joaomarreiros/Library/TinyTeX/texmf-dist/tex/latex/tools/hhline.sty
Package: hhline 2020/01/04 v2.04 Table rule package (DPC)
) (/Users/joaomarreiros/Library/TinyTeX/texmf-dist/tex/latex/tools/longtable.st
y
Package: longtable 2020/01/07 v4.13 Multi-page Table package (DPC)
\LTleft=\skip61
\LTright=\skip62
\LTpre=\skip63
\LTpost=\skip64
\LTchunksize=\count280
\LTcapwidth=\dimen174
\LT@head=\box96
\LT@firsthead=\box97
\LT@foot=\box98
\LT@lastfoot=\box99
\LT@cols=\count281
\LT@rows=\count282
\c@LT@tables=\count283
\c@LT@chunks=\count284
\LT@p@ftn=\toks26
)
(/Users/joaomarreiros/Library/TinyTeX/texmf-dist/tex/latex/l3backend/l3backend-
pdfmode.def
File: l3backend-pdfmode.def 2020-05-05 L3 backend support: PDF mode
\l__kernel_color_stack_int=\count285
\l__pdf_internal_box=\box100
)

LaTeX Warning: Unused global option(s):
    [9pt].

(./tech-usewear.aux)
\openout1 = `tech-usewear.aux'.

LaTeX Font Info:    Checking defaults for OML/cmm/m/it on input line 121.
LaTeX Font Info:    ... okay on input line 121.
LaTeX Font Info:    Checking defaults for OMS/cmsy/m/n on input line 121.
LaTeX Font Info:    ... okay on input line 121.
LaTeX Font Info:    Checking defaults for OT1/cmr/m/n on input line 121.
LaTeX Font Info:    ... okay on input line 121.
LaTeX Font Info:    Checking defaults for T1/cmr/m/n on input line 121.
LaTeX Font Info:    ... okay on input line 121.
LaTeX Font Info:    Checking defaults for TS1/cmr/m/n on input line 121.
LaTeX Font Info:    ... okay on input line 121.
LaTeX Font Info:    Checking defaults for OMX/cmex/m/n on input line 121.
LaTeX Font Info:    ... okay on input line 121.
LaTeX Font Info:    Checking defaults for U/cmr/m/n on input line 121.
LaTeX Font Info:    ... okay on input line 121.
LaTeX Font Info:    Checking defaults for PD1/pdf/m/n on input line 121.
LaTeX Font Info:    ... okay on input line 121.
LaTeX Font Info:    Checking defaults for PU/pdf/m/n on input line 121.
LaTeX Font Info:    ... okay on input line 121.

(/Users/joaomarreiros/Library/TinyTeX/texmf-dist/tex/latex/epstopdf-pkg/epstopd
f-base.sty
Package: epstopdf-base 2020-01-24 v2.11 Base part for package epstopdf
Package epstopdf-base Info: Redefining graphics rule for `.eps' on input line 4
85.

(/Users/joaomarreiros/Library/TinyTeX/texmf-dist/tex/latex/latexconfig/epstopdf
-sys.cfg
File: epstopdf-sys.cfg 2010/07/13 v1.3 Configuration of (r)epstopdf for TeX Liv
e
))
\AtBeginShipoutBox=\box101
Package hyperref Info: Link coloring OFF on input line 121.

(/Users/joaomarreiros/Library/TinyTeX/texmf-dist/tex/latex/hyperref/nameref.sty
Package: nameref 2019/09/16 v2.46 Cross-referencing by name of section

(/Users/joaomarreiros/Library/TinyTeX/texmf-dist/tex/latex/refcount/refcount.st
y
Package: refcount 2019/12/15 v3.6 Data extraction from label references (HO)
)
(/Users/joaomarreiros/Library/TinyTeX/texmf-dist/tex/generic/gettitlestring/get
titlestring.sty
Package: gettitlestring 2019/12/15 v1.6 Cleanup title references (HO)
)
\c@section@level=\count286
)
LaTeX Info: Redefining \ref on input line 121.
LaTeX Info: Redefining \pageref on input line 121.
LaTeX Info: Redefining \nameref on input line 121.
(./tech-usewear.out) (./tech-usewear.out)
\@outlinefile=\write4
\openout4 = `tech-usewear.out'.

*geometry* driver: auto-detecting
*geometry* detected driver: pdftex
*geometry* verbose mode - [ preamble ] result:
* driver: pdftex
* paper: <default>
* layout: <same size as paper>
* layoutoffset:(h,v)=(0.0pt,0.0pt)
* modes: 
* h-part:(L,W,R)=(72.26999pt, 469.75502pt, 72.26999pt)
* v-part:(T,H,B)=(72.26999pt, 650.43001pt, 72.26999pt)
* \paperwidth=614.295pt
* \paperheight=794.96999pt
* \textwidth=469.75502pt
* \textheight=650.43001pt
* \oddsidemargin=0.0pt
* \evensidemargin=0.0pt
* \topmargin=-37.0pt
* \headheight=12.0pt
* \headsep=25.0pt
* \topskip=10.0pt
* \footskip=30.0pt
* \marginparwidth=65.0pt
* \marginparsep=11.0pt
* \columnsep=10.0pt
* \skip\footins=9.0pt plus 4.0pt minus 2.0pt
* \hoffset=0.0pt
* \voffset=0.0pt
* \mag=1000
* \@twocolumnfalse
* \@twosidefalse
* \@mparswitchfalse
* \@reversemarginfalse
* (1in=72.27pt=25.4mm, 1cm=28.453pt)

LaTeX Font Info:    Trying to load font information for OT1+lmr on input line 1
23.
(/Users/joaomarreiros/Library/TinyTeX/texmf-dist/tex/latex/lm/ot1lmr.fd
File: ot1lmr.fd 2009/10/30 v1.6 Font defs for Latin Modern
)
LaTeX Font Info:    Trying to load font information for OML+lmm on input line 1
23.
(/Users/joaomarreiros/Library/TinyTeX/texmf-dist/tex/latex/lm/omllmm.fd
File: omllmm.fd 2009/10/30 v1.6 Font defs for Latin Modern
)
LaTeX Font Info:    Trying to load font information for OMS+lmsy on input line 
123.
(/Users/joaomarreiros/Library/TinyTeX/texmf-dist/tex/latex/lm/omslmsy.fd
File: omslmsy.fd 2009/10/30 v1.6 Font defs for Latin Modern
)
LaTeX Font Info:    Trying to load font information for OMX+lmex on input line 
123.
(/Users/joaomarreiros/Library/TinyTeX/texmf-dist/tex/latex/lm/omxlmex.fd
File: omxlmex.fd 2009/10/30 v1.6 Font defs for Latin Modern
)
LaTeX Font Info:    External font `lmex10' loaded for size
(Font)              <12> on input line 123.
LaTeX Font Info:    External font `lmex10' loaded for size
(Font)              <8> on input line 123.
LaTeX Font Info:    External font `lmex10' loaded for size
(Font)              <6> on input line 123.
LaTeX Font Info:    Trying to load font information for U+msa on input line 123
.
(/Users/joaomarreiros/Library/TinyTeX/texmf-dist/tex/latex/amsfonts/umsa.fd
File: umsa.fd 2013/01/14 v3.01 AMS symbols A
)
LaTeX Font Info:    Trying to load font information for U+msb on input line 123
.
(/Users/joaomarreiros/Library/TinyTeX/texmf-dist/tex/latex/amsfonts/umsb.fd
File: umsb.fd 2013/01/14 v3.01 AMS symbols B
)
Overfull \hbox (668.07574pt too wide) in paragraph at lines 123--123
 [][] 
 []

LaTeX Font Info:    External font `lmex10' loaded for size
(Font)              <10> on input line 155.
LaTeX Font Info:    External font `lmex10' loaded for size
(Font)              <7> on input line 155.
LaTeX Font Info:    External font `lmex10' loaded for size
(Font)              <5> on input line 155.
LaTeX Font Info:    Trying to load font information for TS1+lmr on input line 1
64.
(/Users/joaomarreiros/Library/TinyTeX/texmf-dist/tex/latex/lm/ts1lmr.fd
File: ts1lmr.fd 2009/10/30 v1.6 Font defs for Latin Modern
)
LaTeX Font Info:    Trying to load font information for T1+lmtt on input line 1
69.
(/Users/joaomarreiros/Library/TinyTeX/texmf-dist/tex/latex/lm/t1lmtt.fd
File: t1lmtt.fd 2009/10/30 v1.6 Font defs for Latin Modern
) [1

{/Users/joaomarreiros/Library/TinyTeX/texmf-var/fonts/map/pdftex/updmap/pdftex.
map}]pdfTeX warning (ext4): destination with the same identifier (name{page.}) 
has been already used, duplicate ignored
<to be read again> 
                   \relax 
l.202 \newpage
               [2]
LaTeX Font Info:    Trying to load font information for TS1+lmtt on input line 
237.
(/Users/joaomarreiros/Library/TinyTeX/texmf-dist/tex/latex/lm/ts1lmtt.fd
File: ts1lmtt.fd 2009/10/30 v1.6 Font defs for Latin Modern
)pdfTeX warning (ext4): destination with the same identifier (name{page.}) has 
been already used, duplicate ignored
<to be read again> 
                   \relax 
l.310 \end{Shaded}
                   [3]
Overfull \hbox (10.77748pt too wide) in paragraph at lines 332--332
 []|[]\T1/lmr/m/n/11 Hammerstone[]|
 []


Overfull \hbox (112.26997pt too wide) in alignment at lines 326--336
 [] [] [] [] [] [] [] [] [] [] 
 []


Overfull \hbox (10.77748pt too wide) in paragraph at lines 340--340
 []|[]\T1/lmr/m/n/11 Hammerstone[]|
 []


Overfull \hbox (112.26997pt too wide) in alignment at lines 336--342
 [] [] [] [] [] [] [] [] [] [] 
 []


Overfull \hbox (112.26997pt too wide) in alignment at lines 342--368
 [] [] [] [] [] [] [] [] [] [] 
 []

<tech-usewear_files/figure-latex/unnamed-chunk-4-1.pdf, id=79, 602.25pt x 388.4
5125pt>
File: tech-usewear_files/figure-latex/unnamed-chunk-4-1.pdf Graphic file (type 
pdf)
<use tech-usewear_files/figure-latex/unnamed-chunk-4-1.pdf>
Package pdftex.def Info: tech-usewear_files/figure-latex/unnamed-chunk-4-1.pdf 
 used on input line 398.
(pdftex.def)             Requested size: 469.77148pt x 303.0026pt.
pdfTeX warning (ext4): destination with the same identifier (name{page.}) has b
een already used, duplicate ignored
<to be read again> 
                   \relax 
l.400 \begin{Shaded}
                     [4]
<tech-usewear_files/figure-latex/unnamed-chunk-4-2.pdf, id=85, 608.2725pt x 387
.4475pt>
File: tech-usewear_files/figure-latex/unnamed-chunk-4-2.pdf Graphic file (type 
pdf)
<use tech-usewear_files/figure-latex/unnamed-chunk-4-2.pdf>
Package pdftex.def Info: tech-usewear_files/figure-latex/unnamed-chunk-4-2.pdf 
 used on input line 432.
(pdftex.def)             Requested size: 469.7635pt x 299.22229pt.
pdfTeX warning (ext4): destination with the same identifier (name{page.}) has b
een already used, duplicate ignored
<to be read again> 
                   \relax 
l.434 \begin{Shaded}
                     [5 <./tech-usewear_files/figure-latex/unnamed-chunk-4-1.pd
f>]pdfTeX warning (ext4): destination with the same identifier (name{page.}) ha
s been already used, duplicate ignored
<to be read again> 
                   \relax 
l.444 \newpage
               [6 <./tech-usewear_files/figure-latex/unnamed-chunk-4-2.pdf>]
Overfull \hbox (10.77748pt too wide) in paragraph at lines 530--530
[]|[]\T1/lmr/m/n/11 Hammerstone[]|  
 []

pdfTeX warning (ext4): destination with the same identifier (name{page.}) has b
een already used, duplicate ignored
<to be read again> 
                   \relax 
l.557 \begin{Shaded}
                     [7]
Overfull \hbox (10.77748pt too wide) in paragraph at lines 660--660
[]|[]\T1/lmr/m/n/11 Hammerstone[]|  
 []


Overfull \vbox (48.34439pt too high) has occurred while \output is active []

pdfTeX warning (ext4): destination with the same identifier (name{page.}) has b
een already used, duplicate ignored
<to be read again> 
                   \relax 
l.682 \end{longtable}
                      [8]
Overfull \hbox (10.77748pt too wide) in paragraph at lines 789--789
[]|[]\T1/lmr/m/n/11 Hammerstone[]|  
 []


Overfull \vbox (36.34439pt too high) has occurred while \output is active []

pdfTeX warning (ext4): destination with the same identifier (name{page.}) has b
een already used, duplicate ignored
<to be read again> 
                   \relax 
l.811 \end{longtable}
                      [9]
Overfull \hbox (55.24345pt too wide) in paragraph at lines 836--836
[]\T1/lmtt/m/n/10 Error in filter(., MACROTYPE == "1", MICROTYPE %in% c("A", "B
", "C", "D")): object \TS1/lmtt/m/n/10 '\T1/lmtt/m/n/10 db2nr\TS1/lmtt/m/n/10 '
 \T1/lmtt/m/n/10 not found[] 
 []


Overfull \hbox (10.77748pt too wide) in paragraph at lines 917--917
[]|[]\T1/lmr/m/n/11 Hammerstone[]|  
 []


Overfull \vbox (23.79216pt too high) has occurred while \output is active []

pdfTeX warning (ext4): destination with the same identifier (name{page.}) has b
een already used, duplicate ignored
<to be read again> 
                   \relax 
l.939 \end{longtable}
                      [10]
Overfull \hbox (55.24345pt too wide) in paragraph at lines 960--960
[]\T1/lmtt/m/n/10 Error in filter(., MACROTYPE == "2", MICROTYPE %in% c("A", "B
", "C", "D")): object \TS1/lmtt/m/n/10 '\T1/lmtt/m/n/10 db2nr\TS1/lmtt/m/n/10 '
 \T1/lmtt/m/n/10 not found[] 
 []


Overfull \hbox (10.77748pt too wide) in paragraph at lines 1041--1041
[]|[]\T1/lmr/m/n/11 Hammerstone[]|  
 []

pdfTeX warning (ext4): destination with the same identifier (name{page.}) has b
een already used, duplicate ignored
<to be read again> 
                   \relax 
l.1070 \begin{Shaded}
                      [11]
Overfull \hbox (10.77748pt too wide) in paragraph at lines 1217--1217
[]|[]\T1/lmr/m/n/11 Hammerstone[]|  
 []

pdfTeX warning (ext4): destination with the same identifier (name{page.}) has b
een already used, duplicate ignored
<to be read again> 
                   \relax 
l.1239 \end{longtable}
                       [12]
Overfull \hbox (76.2434pt too wide) in paragraph at lines 1261--1261
[]\T1/lmtt/m/n/10 Error in select(a, TYPOLOGY, WEAR1_MARKS_TYPE, WEAR2_MARKS_TY
PE, WEAR3_MARKS_TYPE): object \TS1/lmtt/m/n/10 '\T1/lmtt/m/n/10 a\TS1/lmtt/m/n/
10 ' \T1/lmtt/m/n/10 not found[] 
 []


Overfull \hbox (39.4935pt too wide) in paragraph at lines 1272--1272
[]\T1/lmtt/m/n/10 Error in unite(., a, WEAR1_MARKS_TYPE, WEAR2_MARKS_TYPE, WEAR
3_MARKS_TYPE, : object \TS1/lmtt/m/n/10 '\T1/lmtt/m/n/10 a\TS1/lmtt/m/n/10 ' \T
1/lmtt/m/n/10 not found[] 
 []

pdfTeX warning (ext4): destination with the same identifier (name{page.}) has b
een already used, duplicate ignored
<to be read again> 
                   \relax 
l.1320 \end{Shaded}
                    [13]
Overfull \hbox (10.77748pt too wide) in paragraph at lines 1387--1387
[]|[]\T1/lmr/m/n/11 Hammerstone[]|  
 []


Overfull \hbox (81.49338pt too wide) in paragraph at lines 1432--1432
[]\T1/lmtt/m/n/10 Error in select(a, TYPOLOGY, WEAR1_MARKS_TYPE, WEAR2_MARKS_TY
PE, WEAR3_MARKS_TYPE, : object \TS1/lmtt/m/n/10 '\T1/lmtt/m/n/10 a\TS1/lmtt/m/n
/10 ' \T1/lmtt/m/n/10 not found[] 
 []


Overfull \hbox (39.4935pt too wide) in paragraph at lines 1444--1444
[]\T1/lmtt/m/n/10 Error in unite(., a, WEAR1_MARKS_TYPE, WEAR2_MARKS_TYPE, WEAR
3_MARKS_TYPE, : object \TS1/lmtt/m/n/10 '\T1/lmtt/m/n/10 a\TS1/lmtt/m/n/10 ' \T
1/lmtt/m/n/10 not found[] 
 []

pdfTeX warning (ext4): destination with the same identifier (name{page.}) has b
een already used, duplicate ignored
<to be read again> 
                   \relax 
l.1451 \end{Shaded}
                    [14]
Overfull \hbox (10.77748pt too wide) in paragraph at lines 1559--1559
[]|[]\T1/lmr/m/n/11 Hammerstone[]|  
 []


Overfull \vbox (15.7303pt too high) has occurred while \output is active []

pdfTeX warning (ext4): destination with the same identifier (name{page.}) has b
een already used, duplicate ignored
<to be read again> 
                   \relax 
l.1581 \end{longtable}
                       [15]
Overfull \hbox (18.49356pt too wide) in paragraph at lines 1607--1607
[]\T1/lmtt/m/n/10 Error in select(a, WEAR1_LOCATION, WEAR1_MARKS_TYPE, WEAR2_MA
RKS_TYPE, : object \TS1/lmtt/m/n/10 '\T1/lmtt/m/n/10 a\TS1/lmtt/m/n/10 ' \T1/lm
tt/m/n/10 not found[] 
 []


Overfull \hbox (39.4935pt too wide) in paragraph at lines 1619--1619
[]\T1/lmtt/m/n/10 Error in unite(., a, WEAR1_MARKS_TYPE, WEAR2_MARKS_TYPE, WEAR
3_MARKS_TYPE, : object \TS1/lmtt/m/n/10 '\T1/lmtt/m/n/10 a\TS1/lmtt/m/n/10 ' \T
1/lmtt/m/n/10 not found[] 
 []


Overfull \hbox (76.2434pt too wide) in paragraph at lines 1631--1631
[]\T1/lmtt/m/n/10 Error in count(., WEAR1_LOCATION, WEAR2_LOCATION, WEAR3_LOCAT
ION, WEAR4_LOCATION, : object \TS1/lmtt/m/n/10 '\T1/lmtt/m/n/10 b\TS1/lmtt/m/n/
10 ' \T1/lmtt/m/n/10 not found[] 
 []


Overfull \hbox (81.49338pt too wide) in paragraph at lines 1664--1664
[]\T1/lmtt/m/n/10 Error in rename(., \TS1/lmtt/m/n/10 `\T1/lmtt/m/n/10 1st area
\TS1/lmtt/m/n/10 ` \T1/lmtt/m/n/10 = WEAR1_LOCATION, \TS1/lmtt/m/n/10 `\T1/lmtt
/m/n/10 2nd area\TS1/lmtt/m/n/10 ` \T1/lmtt/m/n/10 = WEAR2_LOCATION, : object \
TS1/lmtt/m/n/10 '\T1/lmtt/m/n/10 sampled\TS1/lmtt/m/n/10 ' \T1/lmtt/m/n/10 not 
found[] 
 []

pdfTeX warning (ext4): destination with the same identifier (name{page.}) has b
een already used, duplicate ignored
<to be read again> 
                   \relax 
l.1681 \end{Shaded}
                    [16]
Overfull \hbox (10.77748pt too wide) in paragraph at lines 1735--1735
[]|[]\T1/lmr/m/n/11 Hammerstone[]|  
 []


Overfull \hbox (18.49356pt too wide) in paragraph at lines 1778--1778
[]\T1/lmtt/m/n/10 Error in select(a, WEAR1_LOCATION, WEAR1_MARKS_TYPE, WEAR2_MA
RKS_TYPE, : object \TS1/lmtt/m/n/10 '\T1/lmtt/m/n/10 a\TS1/lmtt/m/n/10 ' \T1/lm
tt/m/n/10 not found[] 
 []

pdfTeX warning (ext4): destination with the same identifier (name{page.}) has b
een already used, duplicate ignored
<to be read again> 
                   \relax 
l.1816 \end{Shaded}
                    [17]
Overfull \hbox (76.2434pt too wide) in paragraph at lines 1832--1832
[]\T1/lmtt/m/n/10 Error in rename(., \TS1/lmtt/m/n/10 `\T1/lmtt/m/n/10 1st area
\TS1/lmtt/m/n/10 ` \T1/lmtt/m/n/10 = WEAR1_LOCATION, \TS1/lmtt/m/n/10 `\T1/lmtt
/m/n/10 2nd area\TS1/lmtt/m/n/10 ` \T1/lmtt/m/n/10 = WEAR2_LOCATION): object \T
S1/lmtt/m/n/10 '\T1/lmtt/m/n/10 sampled\TS1/lmtt/m/n/10 ' \T1/lmtt/m/n/10 not f
ound[] 
 []


Overfull \hbox (10.77748pt too wide) in paragraph at lines 1903--1903
[]|[]\T1/lmr/m/n/11 Hammerstone[]|  
 []


Overfull \hbox (18.49356pt too wide) in paragraph at lines 1947--1947
[]\T1/lmtt/m/n/10 Error in select(a, WEAR1_LOCATION, WEAR1_MARKS_TYPE, WEAR2_MA
RKS_TYPE, : object \TS1/lmtt/m/n/10 '\T1/lmtt/m/n/10 a\TS1/lmtt/m/n/10 ' \T1/lm
tt/m/n/10 not found[] 
 []

pdfTeX warning (ext4): destination with the same identifier (name{page.}) has b
een already used, duplicate ignored
<to be read again> 
                   \relax 
l.1949 \begin{Shaded}
                      [18]
Overfull \hbox (39.4935pt too wide) in paragraph at lines 1959--1959
[]\T1/lmtt/m/n/10 Error in unite(., a, WEAR1_MARKS_TYPE, WEAR2_MARKS_TYPE, WEAR
3_MARKS_TYPE, : object \TS1/lmtt/m/n/10 '\T1/lmtt/m/n/10 a\TS1/lmtt/m/n/10 ' \T
1/lmtt/m/n/10 not found[] 
 []


Overfull \hbox (2.7436pt too wide) in paragraph at lines 1971--1971
[]\T1/lmtt/m/n/10 Error in count(., WEAR1_LOCATION, WEAR2_LOCATION, WEAR3_LOCAT
ION, a): object \TS1/lmtt/m/n/10 '\T1/lmtt/m/n/10 b\TS1/lmtt/m/n/10 ' \T1/lmtt/
m/n/10 not found[] 
 []


Overfull \hbox (81.49338pt too wide) in paragraph at lines 2003--2003
[]\T1/lmtt/m/n/10 Error in rename(., \TS1/lmtt/m/n/10 `\T1/lmtt/m/n/10 1st area
\TS1/lmtt/m/n/10 ` \T1/lmtt/m/n/10 = WEAR1_LOCATION, \TS1/lmtt/m/n/10 `\T1/lmtt
/m/n/10 2nd area\TS1/lmtt/m/n/10 ` \T1/lmtt/m/n/10 = WEAR2_LOCATION, : object \
TS1/lmtt/m/n/10 '\T1/lmtt/m/n/10 sampled\TS1/lmtt/m/n/10 ' \T1/lmtt/m/n/10 not 
found[] 
 []


Overfull \hbox (10.77748pt too wide) in paragraph at lines 2074--2074
[]|[]\T1/lmr/m/n/11 Hammerstone[]|  
 []

pdfTeX warning (ext4): destination with the same identifier (name{page.}) has b
een already used, duplicate ignored
<to be read again> 
                   \relax 
l.2096 \end{longtable}
                       [19]pdfTeX warning (ext4): destination with the same ide
ntifier (name{page.}) has been already used, duplicate ignored
<to be read again> 
                   \relax 
l.2149 \end{verbatim}
                      [20]
Package atveryend Info: Empty hook `BeforeClearDocument' on input line 2151.
pdfTeX warning (ext4): destination with the same identifier (name{page.}) has b
een already used, duplicate ignored
<to be read again> 
                   \relax 
l.2151 \end{document}
                      [21]
Package atveryend Info: Empty hook `AfterLastShipout' on input line 2151.
(./tech-usewear.aux)
Package atveryend Info: Executing hook `AtVeryEndDocument' on input line 2151.
Package atveryend Info: Executing hook `AtEndAfterFileList' on input line 2151.

Package rerunfilecheck Info: File `tech-usewear.out' has not changed.
(rerunfilecheck)             Checksum: 4A2AB34245EB47A0FE6DED97049896DC;2281.
Package atveryend Info: Empty hook `AtVeryVeryEnd' on input line 2151.
 ) 
Here is how much of TeX's memory you used:
 11412 strings out of 482411
 165270 string characters out of 5945919
 432904 words of memory out of 5000000
 26939 multiletter control sequences out of 15000+600000
 586245 words of font info for 68 fonts, out of 8000000 for 9000
 14 hyphenation exceptions out of 8191
 34i,7n,37p,1937b,458s stack positions out of 5000i,500n,10000p,200000b,80000s
{/Users/joaomarreiros/Library/TinyTeX/texmf-dist/fonts/enc/dvips/lm/lm-ts1.en
c}{/Users/joaomarreiros/Library/TinyTeX/texmf-dist/fonts/enc/dvips/lm/lm-ec.enc
}</Users/joaomarreiros/Library/TinyTeX/texmf-dist/fonts/type1/public/lm/lmbx10.
pfb></Users/joaomarreiros/Library/TinyTeX/texmf-dist/fonts/type1/public/lm/lmbx
12.pfb></Users/joaomarreiros/Library/TinyTeX/texmf-dist/fonts/type1/public/lm/l
mr10.pfb></Users/joaomarreiros/Library/TinyTeX/texmf-dist/fonts/type1/public/lm
/lmr12.pfb></Users/joaomarreiros/Library/TinyTeX/texmf-dist/fonts/type1/public/
lm/lmr17.pfb></Users/joaomarreiros/Library/TinyTeX/texmf-dist/fonts/type1/publi
c/lm/lmri10.pfb></Users/joaomarreiros/Library/TinyTeX/texmf-dist/fonts/type1/pu
blic/lm/lmtt10.pfb></Users/joaomarreiros/Library/TinyTeX/texmf-dist/fonts/type1
/public/lm/lmtti10.pfb>
Output written on tech-usewear.pdf (21 pages, 290912 bytes).
PDF statistics:
 215 PDF objects out of 1000 (max. 8388607)
 176 compressed objects within 2 object streams
 40 named destinations out of 1000 (max. 500000)
 99 words of extra memory for PDF output out of 10000 (max. 10000000)

